TN:
SF:/Users/maxime_beauchemin/code/caravel/superset/assets/javascripts/addSlice/AddSliceContainer.jsx
FN:15,AddSliceContainer
FN:18,(anonymous_10)
FN:24,exploreUrl
FN:30,gotoSlice
FN:34,changeDatasource
FN:42,changeVisType
FN:46,isBtnDisabled
FN:50,render
FNF:8
FNH:5
FNDA:6,AddSliceContainer
FNDA:198,(anonymous_10)
FNDA:1,exploreUrl
FNDA:0,gotoSlice
FNDA:0,changeDatasource
FNDA:0,changeVisType
FNDA:8,isBtnDisabled
FNDA:8,render
DA:1,1
DA:2,1
DA:3,1
DA:4,1
DA:5,1
DA:7,1
DA:14,1
DA:15,1
DA:16,6
DA:17,6
DA:18,198
DA:19,6
DA:24,1
DA:25,1
DA:26,1
DA:27,1
DA:30,1
DA:31,0
DA:34,1
DA:35,0
DA:42,1
DA:43,0
DA:46,1
DA:47,8
DA:50,1
DA:52,8
DA:98,1
LF:27
LH:24
BRDA:16,16,0,6
BRDA:16,16,1,0
BRDA:47,17,0,8
BRDA:47,17,1,2
BRF:4
BRH:3
end_of_record
TN:
SF:/Users/maxime_beauchemin/code/caravel/superset/assets/javascripts/explore/stores/visTypes.js
FN:884,(anonymous_4)
FN:1087,sectionsToRender
FNF:2
FNH:1
FNDA:0,(anonymous_4)
FNDA:1,sectionsToRender
DA:1,1
DA:2,1
DA:4,1
DA:86,1
DA:883,0
DA:884,0
DA:1069,0
DA:1085,1
DA:1087,1
DA:1088,1
DA:1089,1
LF:11
LH:8
BRDA:884,5,0,0
BRDA:884,5,1,0
BRDA:1070,6,0,0
BRDA:1070,6,1,0
BRDA:1069,7,0,0
BRDA:1069,7,1,0
BRDA:1091,8,0,1
BRDA:1091,8,1,0
BRDA:1093,9,0,1
BRDA:1093,9,1,0
BRDA:1094,10,0,1
BRDA:1094,10,1,0
BRF:12
BRH:3
end_of_record
TN:
SF:/Users/maxime_beauchemin/code/caravel/superset/assets/javascripts/explore/stores/controls.jsx
FN:50,mapStateToProps
FN:53,(anonymous_9)
FN:344,(anonymous_38)
FN:1320,(anonymous_87)
FNF:4
FNH:3
FNDA:1,mapStateToProps
FNDA:0,(anonymous_9)
FNDA:15,(anonymous_38)
FNDA:7,(anonymous_87)
DA:1,1
DA:2,1
DA:3,1
DA:4,1
DA:5,1
DA:6,1
DA:8,1
DA:11,1
DA:20,1
DA:22,1
DA:24,1
DA:32,1
DA:40,1
DA:47,0
DA:48,0
DA:50,1
DA:51,1
DA:52,1
DA:53,0
DA:54,0
DA:55,0
DA:58,1
DA:62,1
DA:68,1
DA:86,0
DA:87,0
DA:88,0
DA:89,1
DA:112,1
DA:123,0
DA:124,0
DA:125,0
DA:127,0
DA:140,0
DA:141,0
DA:142,0
DA:320,0
DA:344,15
DA:374,1
DA:384,0
DA:394,0
DA:507,0
DA:513,1
DA:521,0
DA:527,1
DA:635,0
DA:664,0
DA:675,0
DA:686,0
DA:687,0
DA:689,0
DA:700,0
DA:701,0
DA:703,0
DA:713,0
DA:714,0
DA:716,0
DA:888,0
DA:1099,0
DA:1147,0
DA:1266,1
DA:1276,0
DA:1320,7
DA:1325,1
LF:64
LH:28
BRDA:52,7,0,0
BRDA:52,7,1,1
BRDA:54,8,0,0
BRDA:54,8,1,0
BRDA:54,9,0,0
BRDA:54,9,1,0
BRDA:88,10,0,0
BRDA:88,10,1,0
BRDA:88,11,0,0
BRDA:88,11,1,0
BRDA:90,12,0,0
BRDA:90,12,1,1
BRDA:113,13,0,0
BRDA:113,13,1,1
BRDA:125,14,0,0
BRDA:125,14,1,0
BRDA:125,15,0,0
BRDA:125,15,1,0
BRDA:128,16,0,0
BRDA:128,16,1,0
BRDA:143,17,0,0
BRDA:143,17,1,0
BRDA:321,18,0,0
BRDA:321,18,1,0
BRDA:375,19,0,0
BRDA:375,19,1,1
BRDA:385,20,0,0
BRDA:385,20,1,0
BRDA:395,21,0,0
BRDA:395,21,1,0
BRDA:507,22,0,0
BRDA:507,22,1,0
BRDA:507,23,0,0
BRDA:507,23,1,0
BRDA:514,24,0,0
BRDA:514,24,1,1
BRDA:521,25,0,0
BRDA:521,25,1,0
BRDA:521,26,0,0
BRDA:521,26,1,0
BRDA:528,27,0,0
BRDA:528,27,1,1
BRDA:636,28,0,0
BRDA:636,28,1,0
BRDA:665,29,0,0
BRDA:665,29,1,0
BRDA:676,30,0,0
BRDA:676,30,1,0
BRDA:690,31,0,0
BRDA:690,31,1,0
BRDA:704,32,0,0
BRDA:704,32,1,0
BRDA:717,33,0,0
BRDA:717,33,1,0
BRDA:889,34,0,0
BRDA:889,34,1,0
BRDA:889,35,0,0
BRDA:889,35,1,0
BRDA:1100,36,0,0
BRDA:1100,36,1,0
BRDA:1277,37,0,0
BRDA:1277,37,1,0
BRF:62
BRH:6
end_of_record
TN:
SF:/Users/maxime_beauchemin/code/caravel/superset/assets/javascripts/modules/utils.js
FN:7,d3FormatPreset
FN:17,d3TimeFormatPreset
FN:23,(anonymous_5)
FN:36,wrapSvgText
FN:39,(anonymous_7)
FN:89,showModal
FN:100,showApiMessage
FN:111,toggleCheckbox
FN:113,(anonymous_11)
FN:124,fixDataTableBodyHeight
FN:129,d3format
FN:147,done
FN:148,error
FN:149,always
FN:150,addFiler
FN:151,setFilter
FN:153,clearFilter
FN:154,removeFilter
FN:158,formatSelectOptionsForRange
FN:169,formatSelectOptions
FN:170,(anonymous_33)
FN:175,slugify
FN:185,getAjaxErrorMsg
FN:191,customizeToolTip
FN:193,(anonymous_37)
FN:201,(anonymous_38)
FN:216,initJQueryAjax
FN:222,beforeSend
FN:231,tryNumify
FNF:29
FNH:7
FNDA:2,d3FormatPreset
FNDA:0,d3TimeFormatPreset
FNDA:0,(anonymous_5)
FNDA:0,wrapSvgText
FNDA:0,(anonymous_7)
FNDA:0,showModal
FNDA:0,showApiMessage
FNDA:0,toggleCheckbox
FNDA:0,(anonymous_11)
FNDA:0,fixDataTableBodyHeight
FNDA:3,d3format
FNDA:0,done
FNDA:0,error
FNDA:0,always
FNDA:0,addFiler
FNDA:0,setFilter
FNDA:0,clearFilter
FNDA:0,removeFilter
FNDA:5,formatSelectOptionsForRange
FNDA:24,formatSelectOptions
FNDA:151,(anonymous_33)
FNDA:10,slugify
FNDA:0,getAjaxErrorMsg
FNDA:0,customizeToolTip
FNDA:0,(anonymous_37)
FNDA:0,(anonymous_38)
FNDA:0,initJQueryAjax
FNDA:0,beforeSend
FNDA:4,tryNumify
DA:2,1
DA:3,1
DA:5,1
DA:7,1
DA:9,2
DA:12,1
DA:13,1
DA:15,0
DA:17,1
DA:18,0
DA:19,0
DA:22,0
DA:23,0
DA:24,0
DA:25,0
DA:36,1
DA:37,0
DA:39,0
DA:40,0
DA:41,0
DA:42,0
DA:43,0
DA:44,0
DA:45,0
DA:46,0
DA:47,0
DA:48,0
DA:53,0
DA:54,0
DA:55,0
DA:56,0
DA:57,0
DA:58,0
DA:59,0
DA:61,0
DA:62,0
DA:64,0
DA:67,0
DA:70,0
DA:71,0
DA:89,1
DA:91,0
DA:92,0
DA:93,0
DA:94,0
DA:95,0
DA:96,0
DA:100,1
DA:101,0
DA:105,0
DA:106,0
DA:111,1
DA:112,0
DA:113,0
DA:114,0
DA:115,0
DA:116,0
DA:124,1
DA:125,0
DA:126,0
DA:129,1
DA:130,3
DA:132,3
DA:133,3
DA:134,3
DA:136,3
DA:137,3
DA:139,0
DA:145,1
DA:147,1
DA:148,1
DA:149,1
DA:150,1
DA:151,1
DA:152,0
DA:153,1
DA:154,1
DA:158,1
DA:162,5
DA:163,5
DA:164,117
DA:166,5
DA:169,1
DA:170,24
DA:171,151
DA:175,1
DA:177,10
DA:185,1
DA:186,0
DA:187,0
DA:191,1
DA:192,0
DA:193,0
DA:194,0
DA:195,0
DA:197,0
DA:201,0
DA:202,0
DA:203,0
DA:204,0
DA:210,0
DA:212,0
DA:216,1
DA:219,0
DA:220,0
DA:221,0
DA:222,1
DA:223,0
DA:224,0
DA:231,1
DA:233,4
DA:234,4
DA:235,1
DA:237,3
LF:114
LH:47
BRDA:9,3,0,1
BRDA:9,3,1,1
BRDA:12,4,0,1
BRDA:12,4,1,0
BRDA:18,5,0,0
BRDA:18,5,1,0
BRDA:19,6,0,0
BRDA:19,6,1,0
BRDA:58,7,0,0
BRDA:58,7,1,0
BRDA:70,8,0,0
BRDA:70,8,1,0
BRDA:70,9,0,0
BRDA:70,9,1,0
BRDA:91,10,0,0
BRDA:91,10,1,0
BRDA:92,11,0,0
BRDA:92,11,1,0
BRDA:93,12,0,0
BRDA:93,12,1,0
BRDA:94,13,0,0
BRDA:94,13,1,0
BRDA:95,14,0,0
BRDA:95,14,1,0
BRDA:105,15,0,0
BRDA:105,15,1,0
BRDA:115,16,0,0
BRDA:115,16,1,0
BRDA:115,17,0,0
BRDA:115,17,1,0
BRDA:132,18,0,3
BRDA:132,18,1,1
BRDA:133,19,0,3
BRDA:133,19,1,0
BRDA:187,20,0,0
BRDA:187,20,1,0
BRDA:187,21,0,0
BRDA:187,21,1,0
BRDA:220,22,0,0
BRDA:220,22,1,0
BRDA:223,23,0,0
BRDA:223,23,1,0
BRDA:223,24,0,0
BRDA:223,24,1,0
BRDA:234,25,0,1
BRDA:234,25,1,3
BRF:46
BRH:8
end_of_record
TN:
SF:/Users/maxime_beauchemin/code/caravel/superset/assets/javascripts/modules/dates.js
FN:5,UTC
FN:18,(anonymous_3)
FN:25,(anonymous_4)
FN:32,(anonymous_5)
FN:39,(anonymous_6)
FN:46,(anonymous_7)
FN:53,(anonymous_8)
FN:60,(anonymous_9)
FN:65,formatDate
FN:70,fDuration
FN:76,now
FN:81,epochTimeXHoursAgo
FN:88,epochTimeXDaysAgo
FN:95,epochTimeXYearsAgo
FNF:14
FNH:14
FNDA:1,UTC
FNDA:1,(anonymous_3)
FNDA:1,(anonymous_4)
FNDA:1,(anonymous_5)
FNDA:1,(anonymous_6)
FNDA:1,(anonymous_7)
FNDA:1,(anonymous_8)
FNDA:1,(anonymous_9)
FNDA:1,formatDate
FNDA:15,fDuration
FNDA:21,now
FNDA:1,epochTimeXHoursAgo
FNDA:2,epochTimeXDaysAgo
FNDA:1,epochTimeXYearsAgo
DA:1,1
DA:3,1
DA:5,1
DA:6,1
DA:15,1
DA:19,1
DA:26,1
DA:33,1
DA:40,1
DA:47,1
DA:54,1
DA:61,1
DA:65,1
DA:66,1
DA:68,1
DA:70,15
DA:71,15
DA:72,15
DA:73,15
DA:76,1
DA:78,21
DA:81,1
DA:82,1
DA:88,1
DA:89,2
DA:95,1
DA:96,1
LF:27
LH:27
BRDA:54,3,0,1
BRDA:54,3,1,0
BRDA:70,4,0,0
BRDA:70,4,1,15
BRDA:70,5,0,15
BRDA:70,5,1,0
BRF:6
BRH:3
end_of_record
TN:
SF:/Users/maxime_beauchemin/code/caravel/superset/assets/javascripts/explore/validators.js
FN:8,numeric
FN:15,integer
FN:22,nonEmpty
FNF:3
FNH:0
FNDA:0,numeric
FNDA:0,integer
FNDA:0,nonEmpty
DA:8,1
DA:9,0
DA:10,0
DA:12,0
DA:15,1
DA:16,0
DA:17,0
DA:19,0
DA:22,1
DA:24,0
DA:29,0
DA:31,0
LF:12
LH:3
BRDA:9,1,0,0
BRDA:9,1,1,0
BRDA:9,2,0,0
BRDA:9,2,1,0
BRDA:16,3,0,0
BRDA:16,3,1,0
BRDA:16,4,0,0
BRDA:16,4,1,0
BRDA:16,4,2,0
BRDA:24,5,0,0
BRDA:24,5,1,0
BRDA:24,6,0,0
BRDA:24,6,1,0
BRDA:24,6,2,0
BRDA:24,6,3,0
BRDA:24,6,4,0
BRF:16
BRH:0
end_of_record
TN:
SF:/Users/maxime_beauchemin/code/caravel/superset/assets/javascripts/modules/colors.js
FN:98,(anonymous_2)
FN:101,(anonymous_3)
FN:120,colorScalerFactory
FN:132,(anonymous_6)
FNF:4
FNH:2
FNDA:1,(anonymous_2)
FNDA:5,(anonymous_3)
FNDA:0,colorScalerFactory
FNDA:0,(anonymous_6)
DA:1,1
DA:2,1
DA:5,1
DA:28,1
DA:29,1
DA:30,1
DA:31,1
DA:32,1
DA:44,1
DA:66,1
DA:76,1
DA:98,1
DA:100,1
DA:101,1
DA:102,5
DA:105,5
DA:106,5
DA:108,5
DA:109,5
DA:110,2
DA:112,5
DA:113,3
DA:116,5
DA:120,1
DA:122,0
DA:124,0
DA:126,0
DA:127,0
DA:128,0
DA:130,0
DA:131,0
DA:132,0
DA:133,0
DA:135,0
LF:34
LH:24
BRDA:102,3,0,0
BRDA:102,3,1,5
BRDA:105,4,0,4
BRDA:105,4,1,1
BRDA:109,5,0,2
BRDA:109,5,1,3
BRDA:112,6,0,3
BRDA:112,6,1,2
BRDA:122,7,0,0
BRDA:122,7,1,0
BRDA:127,8,0,0
BRDA:127,8,1,0
BRF:12
BRH:7
end_of_record
TN:
SF:/Users/maxime_beauchemin/code/caravel/superset/assets/javascripts/components/MetricOption.jsx
FN:10,MetricOption
FNF:1
FNH:1
FNDA:7,MetricOption
DA:1,1
DA:2,1
DA:4,1
DA:6,1
DA:10,7
DA:12,7
DA:32,1
LF:7
LH:7
BRDA:14,3,0,7
BRDA:14,3,1,1
BRDA:16,4,0,7
BRDA:16,4,1,4
BRF:4
BRH:4
end_of_record
TN:
SF:/Users/maxime_beauchemin/code/caravel/superset/assets/javascripts/components/InfoTooltipWithTrigger.jsx
FN:20,InfoTooltipWithTrigger
FNF:1
FNH:0
FNDA:0,InfoTooltipWithTrigger
DA:1,1
DA:2,1
DA:3,1
DA:4,1
DA:6,1
DA:14,1
DA:20,1
DA:21,0
DA:23,0
DA:36,1
DA:37,1
LF:11
LH:9
BRDA:30,3,0,0
BRDA:30,3,1,0
BRF:2
BRH:0
end_of_record
TN:
SF:/Users/maxime_beauchemin/code/caravel/superset/assets/javascripts/components/ColumnOption.jsx
FN:10,ColumnOption
FNF:1
FNH:1
FNDA:7,ColumnOption
DA:1,1
DA:2,1
DA:4,1
DA:6,1
DA:10,7
DA:12,7
DA:34,1
LF:7
LH:7
BRDA:14,3,0,7
BRDA:14,3,1,1
BRDA:16,4,0,7
BRDA:16,4,1,4
BRDA:24,5,0,7
BRDA:24,5,1,7
BRDA:24,5,2,7
BRF:7
BRH:7
end_of_record
TN:
SF:/Users/maxime_beauchemin/code/caravel/superset/assets/javascripts/components/AsyncSelect.jsx
FN:21,onAsyncError
FN:25,AsyncSelect
FN:32,componentDidMount
FN:35,onChange
FN:38,fetchOptions
FN:41,(anonymous_20)
FN:48,(anonymous_21)
FN:51,(anonymous_22)
FN:55,render
FNF:9
FNH:7
FNDA:0,onAsyncError
FNDA:8,AsyncSelect
FNDA:6,componentDidMount
FNDA:2,onChange
FNDA:6,fetchOptions
FNDA:2,(anonymous_20)
FNDA:0,(anonymous_21)
FNDA:2,(anonymous_22)
FNDA:16,render
DA:1,1
DA:2,1
DA:3,1
DA:5,1
DA:7,1
DA:18,1
DA:20,1
DA:21,1
DA:24,1
DA:25,1
DA:26,8
DA:27,8
DA:32,1
DA:33,6
DA:35,1
DA:36,2
DA:38,1
DA:39,6
DA:40,6
DA:41,6
DA:42,2
DA:44,2
DA:45,1
DA:49,0
DA:52,2
DA:55,1
DA:57,16
DA:71,1
DA:72,1
DA:74,1
LF:30
LH:29
BRDA:26,16,0,8
BRDA:26,16,1,0
BRDA:42,17,0,2
BRDA:42,17,1,0
BRDA:44,18,0,1
BRDA:44,18,1,1
BRDA:44,19,0,2
BRDA:44,19,1,1
BRDA:44,19,2,1
BRF:9
BRH:7
end_of_record
TN:
SF:/Users/maxime_beauchemin/code/caravel/superset/assets/javascripts/components/CachedLabel.jsx
FN:14,CacheLabel
FN:22,updateTooltipContent
FN:38,mouseOver
FN:43,mouseOut
FN:47,render
FNF:5
FNH:2
FNDA:1,CacheLabel
FNDA:0,updateTooltipContent
FNDA:0,mouseOver
FNDA:0,mouseOut
FNDA:1,render
DA:1,1
DA:2,1
DA:3,1
DA:4,1
DA:5,1
DA:7,1
DA:13,1
DA:14,1
DA:15,1
DA:16,1
DA:22,1
DA:23,0
DA:29,0
DA:35,0
DA:38,1
DA:39,0
DA:40,0
DA:43,1
DA:44,0
DA:47,1
DA:48,1
DA:50,1
DA:67,1
DA:69,1
LF:24
LH:18
BRDA:15,16,0,1
BRDA:15,16,1,0
BRDA:24,17,0,0
BRDA:24,17,1,0
BRDA:48,18,0,0
BRDA:48,18,1,1
BRF:6
BRH:2
end_of_record
TN:
SF:/Users/maxime_beauchemin/code/caravel/superset/assets/javascripts/components/TooltipWrapper.jsx
FN:17,TooltipWrapper
FNF:1
FNH:0
FNDA:0,TooltipWrapper
DA:1,1
DA:2,1
DA:3,1
DA:4,1
DA:6,1
DA:13,1
DA:17,1
DA:19,0
DA:28,1
DA:29,1
LF:10
LH:9
BRF:0
BRH:0
end_of_record
TN:
SF:/Users/maxime_beauchemin/code/caravel/superset/assets/javascripts/components/CopyToClipboard.jsx
FN:17,onCopyEnd
FN:24,CopyToClipboard
FN:36,onMouseOut
FN:41,onClick
FN:43,(anonymous_16)
FN:49,resetTooltipText
FN:53,copyToClipboard
FN:76,tooltipText
FN:83,renderLink
FN:107,renderInMenu
FN:122,renderTooltip
FN:130,render
FNF:12
FNH:6
FNDA:0,onCopyEnd
FNDA:11,CopyToClipboard
FNDA:0,onMouseOut
FNDA:0,onClick
FNDA:0,(anonymous_16)
FNDA:0,resetTooltipText
FNDA:0,copyToClipboard
FNDA:15,tooltipText
FNDA:12,renderLink
FNDA:3,renderInMenu
FNDA:15,renderTooltip
FNDA:15,render
DA:1,1
DA:2,1
DA:3,1
DA:5,1
DA:15,1
DA:17,1
DA:23,1
DA:24,1
DA:25,11
DA:26,11
DA:31,11
DA:32,11
DA:33,11
DA:36,1
DA:38,0
DA:41,1
DA:42,0
DA:43,0
DA:45,0
DA:49,1
DA:50,0
DA:53,1
DA:54,0
DA:56,0
DA:57,0
DA:58,0
DA:60,0
DA:61,0
DA:62,0
DA:63,0
DA:64,0
DA:67,0
DA:70,0
DA:72,0
DA:73,0
DA:76,1
DA:77,15
DA:78,0
DA:80,15
DA:83,1
DA:85,12
DA:107,1
DA:109,3
DA:122,1
DA:124,15
DA:130,1
DA:131,15
DA:132,15
DA:133,3
DA:135,12
DA:137,15
DA:141,1
DA:142,1
LF:53
LH:34
BRDA:25,16,0,11
BRDA:25,16,1,0
BRDA:42,17,0,0
BRDA:42,17,1,0
BRDA:63,18,0,0
BRDA:63,18,1,0
BRDA:77,19,0,0
BRDA:77,19,1,15
BRDA:86,20,0,12
BRDA:86,20,1,0
BRDA:132,21,0,3
BRDA:132,21,1,12
BRF:12
BRH:5
end_of_record
TN:
SF:/Users/maxime_beauchemin/code/caravel/superset/assets/javascripts/components/FilterableTable/FilterableTable.jsx
FN:32,FilterableTable
FN:41,(anonymous_11)
FN:42,(anonymous_12)
FN:51,componentDidMount
FN:55,getDatum
FN:59,getWidthsForColumns
FN:62,(anonymous_19)
FN:64,(anonymous_20)
FN:72,fitTableToWidthIfNeeded
FN:80,formatTableData
FN:81,(anonymous_25)
FN:96,hasMatch
FN:103,(anonymous_28)
FN:106,headerRenderer
FN:117,rowClassName
FN:125,sort
FN:129,render
FN:143,(anonymous_37)
FN:148,(anonymous_38)
FN:149,(anonymous_39)
FN:152,rowGetter
FN:158,ref
FN:175,(anonymous_44)
FNF:23
FNH:0
FNDA:0,FilterableTable
FNDA:0,(anonymous_11)
FNDA:0,(anonymous_12)
FNDA:0,componentDidMount
FNDA:0,getDatum
FNDA:0,getWidthsForColumns
FNDA:0,(anonymous_19)
FNDA:0,(anonymous_20)
FNDA:0,fitTableToWidthIfNeeded
FNDA:0,formatTableData
FNDA:0,(anonymous_25)
FNDA:0,hasMatch
FNDA:0,(anonymous_28)
FNDA:0,headerRenderer
FNDA:0,rowClassName
FNDA:0,sort
FNDA:0,render
FNDA:0,(anonymous_37)
FNDA:0,(anonymous_38)
FNDA:0,(anonymous_39)
FNDA:0,rowGetter
FNDA:0,ref
FNDA:0,(anonymous_44)
DA:1,1
DA:2,1
DA:3,1
DA:4,1
DA:10,1
DA:12,1
DA:23,1
DA:31,1
DA:32,1
DA:33,0
DA:34,0
DA:35,0
DA:36,0
DA:37,0
DA:39,0
DA:40,0
DA:41,0
DA:42,0
DA:44,0
DA:51,1
DA:52,0
DA:55,1
DA:56,0
DA:59,1
DA:60,0
DA:61,0
DA:62,0
DA:63,0
DA:64,0
DA:67,0
DA:69,0
DA:72,1
DA:73,0
DA:74,0
DA:75,0
DA:77,0
DA:80,1
DA:81,0
DA:82,0
DA:83,0
DA:84,0
DA:85,0
DA:86,0
DA:88,0
DA:91,0
DA:93,0
DA:96,1
DA:97,0
DA:98,0
DA:99,0
DA:100,0
DA:103,0
DA:106,1
DA:108,0
DA:117,1
DA:118,0
DA:119,0
DA:120,0
DA:122,0
DA:125,1
DA:126,0
DA:129,1
DA:130,0
DA:138,0
DA:140,0
DA:142,0
DA:143,0
DA:146,0
DA:147,0
DA:148,0
DA:149,0
DA:152,1
DA:155,0
DA:158,1
DA:176,0
DA:192,1
DA:193,1
LF:77
LH:23
BRDA:33,17,0,0
BRDA:33,17,1,0
BRDA:74,18,0,0
BRDA:74,18,1,0
BRDA:85,19,0,0
BRDA:85,19,1,0
BRDA:99,20,0,0
BRDA:99,20,1,0
BRDA:110,21,0,0
BRDA:110,21,1,0
BRDA:119,22,0,0
BRDA:119,22,1,0
BRDA:120,23,0,0
BRDA:120,23,1,0
BRDA:142,24,0,0
BRDA:142,24,1,0
BRDA:146,25,0,0
BRDA:146,25,1,0
BRDA:149,26,0,0
BRDA:149,26,1,0
BRDA:160,27,0,0
BRDA:160,27,1,0
BRF:22
BRH:0
end_of_record
TN:
SF:/Users/maxime_beauchemin/code/caravel/superset/assets/javascripts/modules/visUtils.js
FN:1,getTextWidth
FNF:1
FNH:0
FNDA:0,getTextWidth
DA:1,1
DA:2,0
DA:3,0
DA:4,0
DA:5,0
DA:6,0
DA:9,1
LF:7
LH:2
BRDA:1,1,0,0
BRDA:1,1,1,0
BRDA:1,2,0,0
BRDA:1,2,1,0
BRF:4
BRH:0
end_of_record
TN:
SF:/Users/maxime_beauchemin/code/caravel/superset/assets/javascripts/components/ModalTrigger.jsx
FN:23,beforeOpen
FN:24,onExit
FN:31,ModalTrigger
FN:40,close
FN:44,open
FN:49,renderModal
FN:74,render
FNF:7
FNH:4
FNDA:0,beforeOpen
FNDA:0,onExit
FNDA:9,ModalTrigger
FNDA:0,close
FNDA:2,open
FNDA:13,renderModal
FNDA:13,render
DA:1,1
DA:2,1
DA:3,1
DA:4,1
DA:5,1
DA:7,1
DA:21,1
DA:23,1
DA:24,1
DA:30,1
DA:31,1
DA:32,9
DA:33,9
DA:36,9
DA:37,9
DA:40,1
DA:41,0
DA:44,1
DA:45,2
DA:46,2
DA:47,2
DA:49,1
DA:51,13
DA:74,1
DA:75,13
DA:78,13
DA:80,5
DA:92,8
DA:100,1
DA:101,1
LF:30
LH:29
BRDA:32,16,0,9
BRDA:32,16,1,0
BRDA:65,17,0,13
BRDA:65,17,1,0
BRDA:78,18,0,5
BRDA:78,18,1,8
BRF:6
BRH:4
end_of_record
TN:
SF:/Users/maxime_beauchemin/code/caravel/superset/assets/javascripts/components/Button.jsx
FN:15,Button
FNF:1
FNH:1
FNDA:19,Button
DA:1,1
DA:2,1
DA:3,1
DA:4,1
DA:6,1
DA:10,1
DA:15,1
DA:16,19
DA:17,19
DA:18,19
DA:19,19
DA:20,19
DA:22,19
DA:27,19
DA:29,6
DA:37,19
DA:40,1
DA:41,1
LF:18
LH:18
BRDA:27,3,0,6
BRDA:27,3,1,13
BRF:2
BRH:2
end_of_record
TN:
SF:/Users/maxime_beauchemin/code/caravel/superset/assets/javascripts/components/PopoverSection.jsx
FN:13,PopoverSection
FNF:1
FNH:1
FNDA:4,PopoverSection
DA:1,1
DA:2,1
DA:3,1
DA:5,1
DA:13,4
DA:15,4
DA:31,1
LF:7
LH:7
BRDA:15,3,0,1
BRDA:15,3,1,3
BRDA:19,4,0,4
BRDA:19,4,1,4
BRDA:24,5,0,3
BRDA:24,5,1,1
BRF:6
BRH:6
end_of_record
TN:
SF:/Users/maxime_beauchemin/code/caravel/superset/assets/javascripts/dashboard/components/CodeModal.jsx
FN:13,codeCallback
FN:17,CodeModal
FN:21,beforeOpen
FN:28,render
FNF:4
FNH:2
FNDA:0,codeCallback
FNDA:1,CodeModal
FNDA:0,beforeOpen
FNDA:1,render
DA:1,1
DA:2,1
DA:4,1
DA:6,1
DA:12,1
DA:13,1
DA:16,1
DA:17,1
DA:18,1
DA:19,1
DA:21,1
DA:22,0
DA:23,0
DA:24,0
DA:26,0
DA:28,1
DA:30,1
DA:46,1
DA:47,1
LF:19
LH:15
BRDA:18,16,0,1
BRDA:18,16,1,0
BRDA:23,17,0,0
BRDA:23,17,1,0
BRF:4
BRH:1
end_of_record
TN:
SF:/Users/maxime_beauchemin/code/caravel/superset/assets/javascripts/dashboard/components/CssEditor.jsx
FN:20,onChange
FN:25,CssEditor
FN:32,componentWillMount
FN:35,changeCss
FN:39,updateDom
FN:57,changeCssTemplate
FN:60,renderTemplateSelector
FN:75,render
FNF:8
FNH:5
FNDA:0,onChange
FNDA:1,CssEditor
FNDA:1,componentWillMount
FNDA:0,changeCss
FNDA:1,updateDom
FNDA:0,changeCssTemplate
FNDA:1,renderTemplateSelector
FNDA:1,render
DA:1,1
DA:2,1
DA:3,1
DA:5,1
DA:6,1
DA:7,1
DA:9,1
DA:11,1
DA:18,1
DA:20,1
DA:24,1
DA:25,1
DA:26,1
DA:27,1
DA:32,1
DA:33,1
DA:35,1
DA:36,0
DA:37,0
DA:39,1
DA:40,1
DA:41,1
DA:42,1
DA:43,1
DA:45,1
DA:46,1
DA:47,1
DA:48,1
DA:49,1
DA:51,1
DA:52,0
DA:54,1
DA:57,1
DA:58,0
DA:60,1
DA:61,1
DA:63,1
DA:73,0
DA:75,1
DA:77,1
DA:107,1
DA:108,1
DA:110,1
LF:43
LH:38
BRDA:26,16,0,1
BRDA:26,16,1,0
BRDA:42,17,0,1
BRDA:42,17,1,0
BRDA:45,18,0,1
BRDA:45,18,1,0
BRDA:51,19,0,0
BRDA:51,19,1,1
BRDA:61,20,0,1
BRDA:61,20,1,0
BRDA:97,21,0,1
BRDA:97,21,1,1
BRF:12
BRH:7
end_of_record
TN:
SF:/Users/maxime_beauchemin/code/caravel/superset/assets/javascripts/dashboard/components/RefreshIntervalModal.jsx
FN:14,onChange
FN:23,(anonymous_10)
FN:26,RefreshIntervalModal
FN:32,render
FN:44,onChange
FNF:5
FNH:3
FNDA:0,onChange
FNDA:5,(anonymous_10)
FNDA:1,RefreshIntervalModal
FNDA:1,render
FNDA:0,onChange
DA:1,1
DA:2,1
DA:3,1
DA:4,1
DA:6,1
DA:12,1
DA:14,1
DA:17,1
DA:23,5
DA:25,1
DA:26,1
DA:27,1
DA:28,1
DA:32,1
DA:34,1
DA:44,1
DA:45,0
DA:46,0
DA:55,1
DA:56,1
DA:58,1
LF:21
LH:19
BRDA:27,16,0,1
BRDA:27,16,1,0
BRF:2
BRH:1
end_of_record
TN:
SF:/Users/maxime_beauchemin/code/caravel/superset/assets/javascripts/dashboard/components/SliceCell.jsx
FN:13,SliceCell
FN:58,onClick
FNF:2
FNH:1
FNDA:1,SliceCell
FNDA:0,onClick
DA:2,1
DA:3,1
DA:5,1
DA:7,1
DA:13,1
DA:15,1
DA:58,1
DA:91,1
DA:93,1
LF:9
LH:9
BRDA:29,3,0,1
BRDA:29,3,1,0
BRDA:69,4,0,0
BRDA:69,4,1,1
BRDA:68,5,0,1
BRDA:68,5,1,1
BRF:6
BRH:4
end_of_record
TN:
SF:/Users/maxime_beauchemin/code/caravel/superset/assets/javascripts/explore/exploreUtils.js
FN:1,(anonymous_1)
FN:1,sliceIterator
FN:1,(anonymous_3)
FN:4,getExploreUrl
FN:44,(anonymous_6)
FNF:5
FNH:3
FNDA:1,(anonymous_1)
FNDA:0,sliceIterator
FNDA:6,(anonymous_3)
FNDA:8,getExploreUrl
FNDA:0,(anonymous_6)
DA:1,6
DA:2,1
DA:4,8
DA:5,8
DA:6,8
DA:7,2
DA:14,6
DA:15,6
DA:16,6
DA:20,6
DA:21,6
DA:22,4
DA:24,6
DA:25,6
DA:28,6
DA:29,6
DA:30,6
DA:31,1
DA:33,6
DA:34,1
DA:36,6
DA:37,1
DA:39,6
DA:40,0
DA:42,6
DA:43,6
DA:44,0
DA:45,0
DA:46,0
DA:50,6
DA:51,6
LF:31
LH:27
BRDA:1,1,0,0
BRDA:1,1,1,0
BRDA:1,2,0,0
BRDA:1,2,1,0
BRDA:1,3,0,0
BRDA:1,3,1,0
BRDA:1,4,0,0
BRDA:1,4,1,0
BRDA:1,5,0,0
BRDA:1,5,1,0
BRDA:1,6,0,6
BRDA:1,6,1,0
BRDA:1,7,0,0
BRDA:1,7,1,0
BRDA:4,10,0,7
BRDA:4,10,1,1
BRDA:4,11,0,8
BRDA:4,11,1,7
BRDA:4,12,0,6
BRDA:4,12,1,2
BRDA:4,13,0,8
BRDA:4,13,1,6
BRDA:5,14,0,6
BRDA:5,14,1,2
BRDA:5,15,0,8
BRDA:5,15,1,6
BRDA:5,16,0,0
BRDA:5,16,1,8
BRDA:5,17,0,8
BRDA:5,17,1,0
BRDA:6,18,0,2
BRDA:6,18,1,6
BRDA:15,19,0,6
BRDA:15,19,1,0
BRDA:21,20,0,4
BRDA:21,20,1,2
BRDA:30,21,0,1
BRDA:30,21,1,5
BRDA:33,22,0,1
BRDA:33,22,1,5
BRDA:36,23,0,1
BRDA:36,23,1,5
BRDA:39,24,0,0
BRDA:39,24,1,6
BRDA:43,25,0,0
BRDA:43,25,1,6
BRDA:45,26,0,0
BRDA:45,26,1,0
BRF:48
BRH:28
end_of_record
TN:
SF:/Users/maxime_beauchemin/code/caravel/superset/assets/javascripts/explore/actions/chartActions.js
FN:8,chartUpdateStarted
FN:13,chartUpdateSucceeded
FN:18,chartUpdateStopped
FN:26,chartUpdateTimeout
FN:31,chartUpdateFailed
FN:36,updateChartStatus
FN:41,chartRenderingFailed
FN:46,removeChartAlert
FN:51,runQuery
FN:52,(anonymous_10)
FN:59,success
FN:62,error
FNF:12
FNH:5
FNDA:1,chartUpdateStarted
FNDA:0,chartUpdateSucceeded
FNDA:0,chartUpdateStopped
FNDA:1,chartUpdateTimeout
FNDA:0,chartUpdateFailed
FNDA:0,updateChartStatus
FNDA:0,chartRenderingFailed
FNDA:0,removeChartAlert
FNDA:1,runQuery
FNDA:1,(anonymous_10)
FNDA:0,success
FNDA:1,error
DA:1,1
DA:2,1
DA:3,1
DA:5,1
DA:7,1
DA:8,1
DA:9,1
DA:12,1
DA:13,1
DA:14,0
DA:17,1
DA:18,1
DA:19,0
DA:20,0
DA:22,0
DA:25,1
DA:26,1
DA:27,1
DA:30,1
DA:31,1
DA:32,0
DA:35,1
DA:36,1
DA:37,0
DA:40,1
DA:41,1
DA:42,0
DA:45,1
DA:46,1
DA:47,0
DA:50,1
DA:51,1
DA:52,1
DA:53,1
DA:54,1
DA:55,1
DA:56,1
DA:59,1
DA:60,0
DA:62,1
DA:63,1
DA:64,1
DA:65,0
DA:66,0
DA:71,1
DA:72,1
LF:46
LH:35
BRDA:19,1,0,0
BRDA:19,1,1,0
BRDA:51,2,0,0
BRDA:51,2,1,1
BRDA:51,3,0,1
BRDA:51,3,1,0
BRDA:51,4,0,0
BRDA:51,4,1,1
BRDA:51,5,0,1
BRDA:51,5,1,0
BRDA:63,6,0,1
BRDA:63,6,1,0
BRDA:65,7,0,0
BRDA:65,7,1,0
BRF:14
BRH:5
end_of_record
TN:
SF:/Users/maxime_beauchemin/code/caravel/superset/assets/javascripts/explore/stores/store.js
FN:5,getFormDataFromControls
FN:7,(anonymous_3)
FN:13,getControlNames
FN:16,(anonymous_5)
FN:17,(anonymous_6)
FN:18,(anonymous_7)
FN:22,handleDeprecatedControls
FN:32,getControlsState
FN:52,(anonymous_10)
FN:61,(anonymous_11)
FN:73,(anonymous_13)
FN:74,(anonymous_14)
FN:87,applyDefaultFormData
FN:94,(anonymous_16)
FN:118,(anonymous_17)
FNF:15
FNH:3
FNDA:3,getFormDataFromControls
FNDA:254,(anonymous_3)
FNDA:0,getControlNames
FNDA:0,(anonymous_5)
FNDA:0,(anonymous_6)
FNDA:0,(anonymous_7)
FNDA:0,handleDeprecatedControls
FNDA:0,getControlsState
FNDA:0,(anonymous_10)
FNDA:0,(anonymous_11)
FNDA:0,(anonymous_13)
FNDA:0,(anonymous_14)
FNDA:0,applyDefaultFormData
FNDA:0,(anonymous_16)
FNDA:127,(anonymous_17)
DA:2,1
DA:3,1
DA:5,1
DA:6,3
DA:7,3
DA:8,254
DA:10,3
DA:13,1
DA:14,0
DA:15,0
DA:16,0
DA:17,0
DA:18,0
DA:19,0
DA:22,1
DA:27,0
DA:28,0
DA:32,1
DA:42,0
DA:43,0
DA:45,0
DA:47,0
DA:49,0
DA:50,0
DA:51,0
DA:52,0
DA:53,0
DA:54,0
DA:55,0
DA:56,0
DA:60,0
DA:61,0
DA:62,0
DA:63,0
DA:64,0
DA:65,0
DA:69,0
DA:70,0
DA:71,0
DA:73,0
DA:74,0
DA:77,0
DA:78,0
DA:80,0
DA:81,0
DA:82,0
DA:84,0
DA:87,1
DA:88,0
DA:89,0
DA:90,0
DA:91,0
DA:92,0
DA:93,0
DA:94,0
DA:95,0
DA:96,0
DA:97,0
DA:99,0
DA:100,0
DA:101,0
DA:103,0
DA:106,0
DA:109,0
DA:112,1
DA:117,1
DA:118,1
DA:119,127
DA:122,1
DA:127,1
LF:70
LH:17
BRDA:27,3,0,0
BRDA:27,3,1,0
BRDA:43,4,0,0
BRDA:43,4,1,0
BRDA:50,5,0,0
BRDA:50,5,1,0
BRDA:54,6,0,0
BRDA:54,6,1,0
BRDA:60,7,0,0
BRDA:60,7,1,0
BRDA:60,8,0,0
BRDA:60,8,1,0
BRDA:60,8,2,0
BRDA:60,8,3,0
BRDA:62,9,0,0
BRDA:62,9,1,0
BRDA:62,10,0,0
BRDA:62,10,1,0
BRDA:62,10,2,0
BRDA:64,11,0,0
BRDA:64,11,1,0
BRDA:64,12,0,0
BRDA:64,12,1,0
BRDA:64,12,2,0
BRDA:69,13,0,0
BRDA:69,13,1,0
BRDA:69,14,0,0
BRDA:69,14,1,0
BRDA:70,15,0,0
BRDA:70,15,1,0
BRDA:77,16,0,0
BRDA:77,16,1,0
BRDA:81,17,0,0
BRDA:81,17,1,0
BRDA:89,18,0,0
BRDA:89,18,1,0
BRDA:92,19,0,0
BRDA:92,19,1,0
BRDA:96,20,0,0
BRDA:96,20,1,0
BRDA:99,21,0,0
BRDA:99,21,1,0
BRDA:100,22,0,0
BRDA:100,22,1,0
BRF:44
BRH:0
end_of_record
TN:
SF:/Users/maxime_beauchemin/code/caravel/superset/assets/javascripts/explore/actions/exploreActions.js
FN:8,setDatasourceType
FN:13,setDatasource
FN:18,setDatasources
FN:23,fetchDatasourceStarted
FN:28,fetchDatasourceSucceeded
FN:33,fetchDatasourceFailed
FN:38,fetchDatasourcesStarted
FN:43,fetchDatasourcesSucceeded
FN:48,fetchDatasourcesFailed
FN:53,resetControls
FN:58,triggerQuery
FN:62,fetchDatasourceMetadata
FN:63,(anonymous_13)
FN:69,success
FN:77,error
FN:84,fetchDatasources
FN:85,(anonymous_19)
FN:91,success
FN:95,error
FN:103,toggleFaveStar
FN:108,fetchFaveStar
FN:109,(anonymous_26)
FN:111,(anonymous_27)
FN:120,saveFaveStar
FN:121,(anonymous_29)
FN:130,setControlValue
FN:135,updateExploreEndpoints
FN:140,removeControlPanelAlert
FN:145,updateChartTitle
FN:150,renderTriggered
FNF:30
FNH:11
FNDA:0,setDatasourceType
FNDA:2,setDatasource
FNDA:0,setDatasources
FNDA:6,fetchDatasourceStarted
FNDA:2,fetchDatasourceSucceeded
FNDA:1,fetchDatasourceFailed
FNDA:0,fetchDatasourcesStarted
FNDA:0,fetchDatasourcesSucceeded
FNDA:0,fetchDatasourcesFailed
FNDA:2,resetControls
FNDA:2,triggerQuery
FNDA:6,fetchDatasourceMetadata
FNDA:6,(anonymous_13)
FNDA:2,success
FNDA:1,error
FNDA:0,fetchDatasources
FNDA:0,(anonymous_19)
FNDA:0,success
FNDA:0,error
FNDA:0,toggleFaveStar
FNDA:0,fetchFaveStar
FNDA:0,(anonymous_26)
FNDA:0,(anonymous_27)
FNDA:0,saveFaveStar
FNDA:0,(anonymous_29)
FNDA:2,setControlValue
FNDA:0,updateExploreEndpoints
FNDA:0,removeControlPanelAlert
FNDA:0,updateChartTitle
FNDA:0,renderTriggered
DA:3,1
DA:5,1
DA:7,1
DA:8,1
DA:9,0
DA:12,1
DA:13,1
DA:14,2
DA:17,1
DA:18,1
DA:19,0
DA:22,1
DA:23,1
DA:24,6
DA:27,1
DA:28,1
DA:29,2
DA:32,1
DA:33,1
DA:34,1
DA:37,1
DA:38,1
DA:39,0
DA:42,1
DA:43,1
DA:44,0
DA:47,1
DA:48,1
DA:49,0
DA:52,1
DA:53,1
DA:54,2
DA:57,1
DA:58,2
DA:59,2
DA:62,6
DA:63,6
DA:64,6
DA:65,6
DA:66,6
DA:69,1
DA:70,2
DA:71,2
DA:72,2
DA:73,2
DA:74,1
DA:77,1
DA:78,1
DA:84,1
DA:85,0
DA:86,0
DA:87,0
DA:88,0
DA:91,1
DA:92,0
DA:93,0
DA:95,1
DA:96,0
DA:102,1
DA:103,1
DA:104,0
DA:107,1
DA:108,1
DA:109,0
DA:110,0
DA:111,0
DA:112,0
DA:113,0
DA:119,1
DA:120,1
DA:121,0
DA:122,0
DA:123,0
DA:124,0
DA:125,0
DA:129,1
DA:130,1
DA:131,2
DA:134,1
DA:135,1
DA:136,0
DA:139,1
DA:140,1
DA:141,0
DA:144,1
DA:145,1
DA:146,0
DA:149,1
DA:150,1
DA:151,0
LF:90
LH:63
BRDA:58,1,0,1
BRDA:58,1,1,1
BRDA:58,2,0,2
BRDA:58,2,1,1
BRDA:62,3,0,6
BRDA:62,3,1,0
BRDA:62,4,0,6
BRDA:62,4,1,6
BRDA:73,5,0,1
BRDA:73,5,1,1
BRDA:112,6,0,0
BRDA:112,6,1,0
BRDA:122,7,0,0
BRDA:122,7,1,0
BRF:14
BRH:9
end_of_record
TN:
SF:/Users/maxime_beauchemin/code/caravel/superset/assets/javascripts/explore/components/controls/BoundsControl.jsx
FN:17,onChange
FN:22,BoundsControl
FN:34,onMinChange
FN:42,onMaxChange
FN:50,onChange
FN:65,render
FNF:6
FNH:5
FNDA:0,onChange
FNDA:3,BoundsControl
FNDA:2,onMinChange
FNDA:1,onMaxChange
FNDA:3,onChange
FNDA:6,render
DA:1,1
DA:2,1
DA:3,1
DA:4,1
DA:6,1
DA:14,1
DA:17,1
DA:21,1
DA:22,1
DA:23,3
DA:24,3
DA:30,3
DA:31,3
DA:32,3
DA:34,1
DA:35,2
DA:42,1
DA:43,1
DA:50,1
DA:51,3
DA:52,3
DA:53,3
DA:54,1
DA:56,3
DA:57,0
DA:59,3
DA:60,2
DA:62,1
DA:65,1
DA:67,6
DA:94,1
DA:95,1
LF:32
LH:31
BRDA:23,16,0,3
BRDA:23,16,1,0
BRDA:26,17,0,3
BRDA:26,17,1,0
BRDA:27,18,0,3
BRDA:27,18,1,0
BRDA:53,19,0,1
BRDA:53,19,1,2
BRDA:53,20,0,3
BRDA:53,20,1,3
BRDA:56,21,0,0
BRDA:56,21,1,3
BRDA:56,22,0,3
BRDA:56,22,1,1
BRDA:59,23,0,2
BRDA:59,23,1,1
BRF:16
BRH:12
end_of_record
TN:
SF:/Users/maxime_beauchemin/code/caravel/superset/assets/javascripts/explore/components/ControlHeader.jsx
FN:24,renderOptionalIcons
FN:53,render
FNF:2
FNH:2
FNDA:7,renderOptionalIcons
FNDA:7,render
DA:1,1
DA:2,1
DA:3,1
DA:4,1
DA:6,1
DA:17,1
DA:23,1
DA:24,1
DA:25,7
DA:27,0
DA:51,7
DA:53,1
DA:54,7
DA:56,7
DA:101,1
DA:102,1
LF:16
LH:15
BRDA:25,17,0,0
BRDA:25,17,1,7
BRDA:28,18,0,0
BRDA:28,18,1,0
BRDA:38,19,0,0
BRDA:38,19,1,0
BRDA:54,20,0,0
BRDA:54,20,1,7
BRDA:61,21,0,7
BRDA:61,21,1,1
BRDA:67,22,0,1
BRDA:67,22,1,6
BRDA:72,23,0,7
BRDA:72,23,1,0
BRDA:90,24,0,7
BRDA:90,24,1,0
BRF:16
BRH:8
end_of_record
TN:
SF:/Users/maxime_beauchemin/code/caravel/superset/assets/javascripts/explore/components/controls/CheckboxControl.jsx
FN:15,onChange
FN:19,onToggle
FN:22,render
FNF:3
FNH:1
FNDA:0,onChange
FNDA:0,onToggle
FNDA:1,render
DA:1,1
DA:2,1
DA:3,1
DA:5,1
DA:13,1
DA:15,1
DA:18,1
DA:19,1
DA:20,0
DA:22,1
DA:24,1
DA:42,1
DA:43,1
LF:13
LH:12
BRDA:30,19,0,0
BRDA:30,19,1,1
BRF:2
BRH:1
end_of_record
TN:
SF:/Users/maxime_beauchemin/code/caravel/superset/assets/javascripts/explore/components/ControlPanelsContainer.jsx
FN:1,_inherits
FN:25,ControlPanelsContainer
FN:30,getControlData
FN:46,sectionsToRender
FN:49,removeAlert
FN:52,render
FN:66,(anonymous_20)
FN:73,(anonymous_21)
FN:77,(anonymous_22)
FN:101,mapStateToProps
FN:110,mapDispatchToProps
FNF:11
FNH:8
FNDA:1,_inherits
FNDA:1,ControlPanelsContainer
FNDA:21,getControlData
FNDA:1,sectionsToRender
FNDA:0,removeAlert
FNDA:1,render
FNDA:7,(anonymous_20)
FNDA:15,(anonymous_21)
FNDA:21,(anonymous_22)
FNDA:0,mapStateToProps
FNDA:0,mapDispatchToProps
DA:1,1
DA:2,1
DA:3,1
DA:4,1
DA:5,1
DA:6,1
DA:7,1
DA:8,1
DA:9,1
DA:10,1
DA:11,1
DA:12,1
DA:14,1
DA:24,1
DA:25,1
DA:26,1
DA:27,1
DA:28,1
DA:30,1
DA:31,21
DA:33,21
DA:36,21
DA:37,21
DA:38,0
DA:41,21
DA:42,8
DA:44,13
DA:46,1
DA:47,1
DA:49,1
DA:50,0
DA:52,1
DA:54,1
DA:67,7
DA:74,15
DA:78,21
DA:99,1
DA:101,1
DA:102,0
DA:110,1
DA:111,0
DA:116,1
DA:118,1
LF:43
LH:39
BRDA:1,17,0,0
BRDA:1,17,1,1
BRDA:1,18,0,1
BRDA:1,18,1,0
BRDA:1,19,0,1
BRDA:1,19,1,1
BRDA:1,20,0,1
BRDA:1,20,1,0
BRDA:1,21,0,1
BRDA:1,21,1,0
BRDA:26,22,0,1
BRDA:26,22,1,0
BRDA:36,23,0,21
BRDA:36,23,1,0
BRDA:37,24,0,0
BRDA:37,24,1,21
BRDA:37,25,0,21
BRDA:37,25,1,2
BRDA:41,26,0,8
BRDA:41,26,1,13
BRDA:56,27,0,1
BRDA:56,27,1,0
BRDA:78,28,0,21
BRDA:78,28,1,21
BRDA:78,28,2,21
BRF:25
BRH:17
end_of_record
TN:
SF:/Users/maxime_beauchemin/code/caravel/superset/assets/javascripts/explore/components/ControlPanelSection.jsx
FN:20,ControlPanelSection
FN:24,toggleExpand
FN:27,renderHeader
FN:47,render
FNF:4
FNH:3
FNDA:3,ControlPanelSection
FNDA:0,toggleExpand
FNDA:3,renderHeader
FNDA:3,render
DA:1,1
DA:2,1
DA:3,1
DA:4,1
DA:6,1
DA:13,1
DA:19,1
DA:20,1
DA:21,3
DA:22,3
DA:24,1
DA:25,0
DA:27,1
DA:28,3
DA:29,3
DA:30,3
DA:32,2
DA:44,3
DA:47,1
DA:49,3
DA:61,1
DA:62,1
LF:22
LH:21
BRDA:21,16,0,3
BRDA:21,16,1,0
BRDA:30,17,0,2
BRDA:30,17,1,1
BRDA:34,18,0,0
BRDA:34,18,1,2
BRDA:40,19,0,2
BRDA:40,19,1,2
BRF:8
BRH:6
end_of_record
TN:
SF:/Users/maxime_beauchemin/code/caravel/superset/assets/javascripts/explore/components/ControlRow.jsx
FN:10,ControlSetRow
FN:14,(anonymous_3)
FNF:2
FNH:2
FNDA:2,ControlSetRow
FNDA:3,(anonymous_3)
DA:1,1
DA:2,1
DA:4,1
DA:6,1
DA:10,1
DA:11,2
DA:13,2
DA:15,3
DA:23,1
DA:24,1
LF:10
LH:10
BRF:0
BRH:0
end_of_record
TN:
SF:/Users/maxime_beauchemin/code/caravel/superset/assets/javascripts/explore/components/Control.jsx
FN:59,Control
FN:65,componentDidMount
FN:68,onChange
FN:71,setHover
FN:74,validateAndSetValue
FN:88,validate
FN:92,(anonymous_21)
FN:101,render
FNF:8
FNH:0
FNDA:0,Control
FNDA:0,componentDidMount
FNDA:0,onChange
FNDA:0,setHover
FNDA:0,validateAndSetValue
FNDA:0,validate
FNDA:0,(anonymous_21)
FNDA:0,render
DA:1,1
DA:2,1
DA:4,1
DA:5,1
DA:6,1
DA:7,1
DA:8,1
DA:9,1
DA:10,1
DA:11,1
DA:12,1
DA:13,1
DA:14,1
DA:16,1
DA:29,1
DA:31,1
DA:51,1
DA:58,1
DA:59,1
DA:60,0
DA:61,0
DA:62,0
DA:63,0
DA:65,1
DA:66,0
DA:68,1
DA:69,0
DA:71,1
DA:72,0
DA:74,1
DA:75,0
DA:76,0
DA:77,0
DA:78,0
DA:80,0
DA:81,0
DA:84,0
DA:85,0
DA:88,1
DA:89,0
DA:90,0
DA:91,0
DA:92,0
DA:93,0
DA:94,0
DA:95,0
DA:99,0
DA:101,1
DA:102,0
DA:103,0
DA:105,0
DA:120,1
DA:121,1
LF:53
LH:27
BRDA:60,18,0,0
BRDA:60,18,1,0
BRDA:77,19,0,0
BRDA:77,19,1,0
BRDA:77,20,0,0
BRDA:77,20,1,0
BRDA:80,21,0,0
BRDA:80,21,1,0
BRDA:84,22,0,0
BRDA:84,22,1,0
BRDA:84,23,0,0
BRDA:84,23,1,0
BRDA:91,24,0,0
BRDA:91,24,1,0
BRDA:91,25,0,0
BRDA:91,25,1,0
BRDA:94,26,0,0
BRDA:94,26,1,0
BRDA:103,27,0,0
BRDA:103,27,1,0
BRF:20
BRH:0
end_of_record
TN:
SF:/Users/maxime_beauchemin/code/caravel/superset/assets/javascripts/explore/components/controls/DatasourceControl.jsx
FN:1,_inherits
FN:19,onChange
FN:23,DatasourceControl
FN:35,onChange
FN:39,onEnterModal
FN:49,success
FN:50,(anonymous_18)
FN:67,error
FN:74,setSearchRef
FN:77,toggleModal
FN:80,changeSearch
FN:83,selectDatasource
FN:87,render
FN:127,inputRef
FNF:14
FNH:3
FNDA:1,_inherits
FNDA:0,onChange
FNDA:1,DatasourceControl
FNDA:0,onChange
FNDA:0,onEnterModal
FNDA:0,success
FNDA:0,(anonymous_18)
FNDA:0,error
FNDA:0,setSearchRef
FNDA:0,toggleModal
FNDA:0,changeSearch
FNDA:0,selectDatasource
FNDA:1,render
FNDA:0,inputRef
DA:1,1
DA:2,1
DA:3,1
DA:4,1
DA:5,1
DA:7,1
DA:9,1
DA:18,1
DA:19,1
DA:22,1
DA:23,1
DA:24,1
DA:25,1
DA:30,1
DA:31,1
DA:32,1
DA:33,1
DA:35,1
DA:36,0
DA:37,0
DA:39,1
DA:40,0
DA:41,0
DA:43,0
DA:44,0
DA:45,0
DA:46,0
DA:49,1
DA:50,0
DA:65,0
DA:67,1
DA:68,0
DA:69,0
DA:74,1
DA:75,0
DA:77,1
DA:78,0
DA:80,1
DA:81,0
DA:83,1
DA:84,0
DA:85,0
DA:87,1
DA:89,1
DA:127,1
DA:159,1
DA:160,1
LF:47
LH:30
BRDA:1,11,0,0
BRDA:1,11,1,1
BRDA:1,12,0,1
BRDA:1,12,1,0
BRDA:1,13,0,1
BRDA:1,13,1,1
BRDA:1,14,0,1
BRDA:1,14,1,0
BRDA:1,15,0,1
BRDA:1,15,1,0
BRDA:24,16,0,1
BRDA:24,16,1,0
BRDA:40,17,0,0
BRDA:40,17,1,0
BRDA:45,18,0,0
BRDA:45,18,1,0
BRDA:135,19,0,1
BRDA:135,19,1,1
BRDA:142,20,0,1
BRDA:142,20,1,0
BRF:20
BRH:10
end_of_record
TN:
SF:/Users/maxime_beauchemin/code/caravel/superset/assets/javascripts/explore/components/controls/DateFilterControl.jsx
FN:30,onChange
FN:35,DateFilterControl
FN:59,onControlChange
FN:62,onNumberChange
FN:65,onChange
FN:76,onFreeChange
FN:79,setType
FN:82,setValue
FN:86,setDatetime
FN:89,close
FN:92,renderPopover
FN:134,(anonymous_31)
FN:143,(anonymous_32)
FN:195,render
FNF:14
FNH:5
FNDA:0,onChange
FNDA:5,DateFilterControl
FNDA:0,onControlChange
FNDA:0,onNumberChange
FNDA:0,onChange
FNDA:0,onFreeChange
FNDA:0,setType
FNDA:0,setValue
FNDA:0,setDatetime
FNDA:0,close
FNDA:5,renderPopover
FNDA:30,(anonymous_31)
FNDA:10,(anonymous_32)
FNDA:5,render
DA:1,1
DA:2,1
DA:3,1
DA:7,1
DA:8,1
DA:9,1
DA:10,1
DA:12,1
DA:13,1
DA:15,1
DA:16,1
DA:18,1
DA:28,1
DA:30,1
DA:34,1
DA:35,1
DA:36,5
DA:37,5
DA:38,5
DA:46,5
DA:47,5
DA:48,5
DA:49,5
DA:50,5
DA:51,0
DA:52,0
DA:53,0
DA:55,0
DA:56,0
DA:59,1
DA:60,0
DA:62,1
DA:63,0
DA:65,1
DA:66,0
DA:67,0
DA:68,0
DA:69,0
DA:70,0
DA:71,0
DA:72,0
DA:74,0
DA:76,1
DA:77,0
DA:79,1
DA:80,0
DA:82,1
DA:83,0
DA:84,0
DA:86,1
DA:87,0
DA:89,1
DA:90,0
DA:92,1
DA:94,5
DA:134,30
DA:143,10
DA:195,1
DA:197,5
DA:217,1
DA:218,1
LF:61
LH:40
BRDA:36,17,0,5
BRDA:36,17,1,0
BRDA:46,18,0,5
BRDA:46,18,1,0
BRDA:46,19,0,5
BRDA:46,19,1,5
BRDA:51,20,0,0
BRDA:51,20,1,0
BRDA:67,21,0,0
BRDA:67,21,1,0
BRDA:69,22,0,0
BRDA:69,22,1,0
BRDA:71,23,0,0
BRDA:71,23,1,0
BRDA:209,24,0,5
BRDA:209,24,1,0
BRF:16
BRH:5
end_of_record
TN:
SF:/Users/maxime_beauchemin/code/caravel/superset/assets/javascripts/explore/components/controls/FilterControl.jsx
FN:14,onChange
FN:19,addFilter
FN:31,changeFilter
FN:37,(anonymous_16)
FN:44,removeFilter
FN:45,(anonymous_19)
FN:47,render
FN:48,(anonymous_22)
FNF:8
FNH:2
FNDA:0,onChange
FNDA:1,addFilter
FNDA:0,changeFilter
FNDA:0,(anonymous_16)
FNDA:0,removeFilter
FNDA:0,(anonymous_19)
FNDA:3,render
FNDA:0,(anonymous_22)
DA:1,1
DA:2,1
DA:3,1
DA:4,1
DA:6,1
DA:13,1
DA:14,1
DA:18,1
DA:19,1
DA:20,1
DA:21,1
DA:24,1
DA:29,1
DA:31,1
DA:32,0
DA:33,0
DA:34,0
DA:35,0
DA:37,0
DA:38,0
DA:41,0
DA:42,0
DA:44,1
DA:45,0
DA:47,1
DA:48,3
DA:49,0
DA:60,3
DA:78,1
DA:79,1
LF:30
LH:20
BRDA:22,17,0,1
BRDA:22,17,1,0
BRDA:21,18,0,1
BRDA:21,18,1,1
BRDA:27,19,0,0
BRDA:27,19,1,1
BRDA:34,20,0,0
BRDA:34,20,1,0
BRF:8
BRH:4
end_of_record
TN:
SF:/Users/maxime_beauchemin/code/caravel/superset/assets/javascripts/explore/components/controls/Filter.jsx
FN:22,(anonymous_8)
FN:35,changeFilter
FN:36,removeFilter
FN:42,Filter
FN:48,componentDidMount
FN:51,fetchFilterValues
FN:58,success
FN:64,switchFilterValue
FN:77,changeText
FN:80,changeSelect
FN:83,changeColumn
FN:87,changeOp
FN:91,removeFilter
FN:94,renderFilterFormControl
FN:121,render
FN:125,(anonymous_37)
FN:131,(anonymous_38)
FN:135,(anonymous_39)
FN:137,(anonymous_40)
FNF:19
FNH:13
FNDA:10,(anonymous_8)
FNDA:0,changeFilter
FNDA:0,removeFilter
FNDA:9,Filter
FNDA:0,componentDidMount
FNDA:1,fetchFilterValues
FNDA:0,success
FNDA:1,switchFilterValue
FNDA:0,changeText
FNDA:1,changeSelect
FNDA:1,changeColumn
FNDA:1,changeOp
FNDA:0,removeFilter
FNDA:9,renderFilterFormControl
FNDA:9,render
FNDA:90,(anonymous_37)
FNDA:71,(anonymous_38)
FNDA:2,(anonymous_39)
FNDA:15,(anonymous_40)
DA:1,1
DA:2,1
DA:3,1
DA:4,1
DA:5,1
DA:7,1
DA:9,1
DA:21,1
DA:22,1
DA:23,10
DA:26,1
DA:34,1
DA:35,1
DA:36,1
DA:41,1
DA:42,1
DA:43,9
DA:44,9
DA:48,1
DA:49,0
DA:51,1
DA:52,1
DA:53,1
DA:54,0
DA:55,0
DA:58,1
DA:59,0
DA:64,1
DA:65,1
DA:66,0
DA:67,0
DA:69,0
DA:70,0
DA:71,0
DA:72,0
DA:74,0
DA:77,1
DA:78,0
DA:80,1
DA:81,1
DA:83,1
DA:84,1
DA:85,1
DA:87,1
DA:88,1
DA:89,1
DA:91,1
DA:92,0
DA:94,1
DA:95,9
DA:96,9
DA:99,7
DA:112,2
DA:121,1
DA:122,9
DA:123,9
DA:124,9
DA:126,90
DA:127,10
DA:129,80
DA:131,71
DA:132,9
DA:133,9
DA:134,9
DA:135,2
DA:137,15
DA:141,9
DA:183,1
DA:184,1
LF:69
LH:56
BRDA:43,16,0,9
BRDA:43,16,1,0
BRDA:53,17,0,0
BRDA:53,17,1,1
BRDA:53,18,0,1
BRDA:53,18,1,1
BRDA:53,18,2,1
BRDA:53,18,3,0
BRDA:65,19,0,0
BRDA:65,19,1,1
BRDA:69,20,0,0
BRDA:69,20,1,0
BRDA:69,21,0,0
BRDA:69,21,1,0
BRDA:69,21,2,0
BRDA:71,22,0,0
BRDA:71,22,1,0
BRDA:71,23,0,0
BRDA:71,23,1,0
BRDA:96,24,0,7
BRDA:96,24,1,2
BRDA:96,25,0,9
BRDA:96,25,1,8
BRDA:126,26,0,10
BRDA:126,26,1,80
BRDA:129,27,0,80
BRDA:129,27,1,16
BRDA:133,28,0,9
BRDA:133,28,1,0
BRDA:134,29,0,1
BRDA:134,29,1,8
BRDA:146,30,0,1
BRDA:146,30,1,8
BRF:33
BRH:19
end_of_record
TN:
SF:/Users/maxime_beauchemin/code/caravel/superset/assets/javascripts/explore/components/controls/SelectControl.jsx
FN:32,onChange
FN:40,SelectControl
FN:45,componentWillReceiveProps
FN:52,onChange
FN:56,(anonymous_20)
FN:60,getOptions
FN:65,(anonymous_23)
FN:85,(anonymous_25)
FN:91,(anonymous_26)
FN:100,render
FNF:10
FNH:8
FNDA:0,onChange
FNDA:7,SelectControl
FNDA:1,componentWillReceiveProps
FNDA:1,onChange
FNDA:0,(anonymous_20)
FNDA:10,getOptions
FNDA:16,(anonymous_23)
FNDA:2,(anonymous_25)
FNDA:4,(anonymous_26)
FNDA:8,render
DA:1,1
DA:2,1
DA:3,1
DA:4,1
DA:6,1
DA:24,1
DA:32,1
DA:34,0
DA:35,0
DA:39,1
DA:40,1
DA:41,7
DA:42,7
DA:43,7
DA:45,1
DA:46,1
DA:48,1
DA:49,1
DA:52,1
DA:53,1
DA:55,1
DA:56,0
DA:58,1
DA:60,1
DA:61,10
DA:62,0
DA:65,10
DA:66,16
DA:67,16
DA:68,16
DA:69,16
DA:73,0
DA:74,0
DA:76,0
DA:81,16
DA:83,10
DA:85,3
DA:86,3
DA:87,2
DA:88,2
DA:89,0
DA:91,2
DA:92,4
DA:93,4
DA:98,10
DA:100,1
DA:102,8
DA:117,8
DA:120,8
DA:130,1
DA:131,1
LF:51
LH:43
BRDA:41,16,0,7
BRDA:41,16,1,0
BRDA:46,17,0,1
BRDA:46,17,1,0
BRDA:46,18,0,1
BRDA:46,18,1,0
BRDA:53,19,0,1
BRDA:53,19,1,0
BRDA:55,20,0,0
BRDA:55,20,1,1
BRDA:56,21,0,0
BRDA:56,21,1,0
BRDA:61,22,0,0
BRDA:61,22,1,10
BRDA:67,23,0,16
BRDA:67,23,1,0
BRDA:68,24,0,16
BRDA:68,24,1,0
BRDA:73,25,0,0
BRDA:73,25,1,0
BRDA:83,26,0,3
BRDA:83,26,1,7
BRDA:86,27,0,2
BRDA:86,27,1,1
BRDA:88,28,0,0
BRDA:88,28,1,2
BRDA:92,29,0,4
BRDA:92,29,1,0
BRDA:118,30,0,2
BRDA:118,30,1,6
BRDA:121,31,0,8
BRDA:121,31,1,8
BRF:32
BRH:18
end_of_record
TN:
SF:/Users/maxime_beauchemin/code/caravel/superset/assets/javascripts/explore/components/controls/HiddenControl.jsx
FN:14,onChange
FN:17,HiddenControl
FNF:2
FNH:0
FNDA:0,onChange
FNDA:0,HiddenControl
DA:1,1
DA:2,1
DA:3,1
DA:5,1
DA:13,1
DA:14,1
DA:17,1
DA:19,0
DA:22,1
DA:23,1
LF:10
LH:9
BRF:0
BRH:0
end_of_record
TN:
SF:/Users/maxime_beauchemin/code/caravel/superset/assets/javascripts/explore/components/controls/TextAreaControl.jsx
FN:28,onChange
FN:34,onControlChange
FN:37,onAceChange
FN:40,renderEditor
FN:68,render
FNF:5
FNH:3
FNDA:0,onChange
FNDA:1,onControlChange
FNDA:0,onAceChange
FNDA:8,renderEditor
FNDA:4,render
DA:1,1
DA:2,1
DA:3,1
DA:4,1
DA:5,1
DA:6,1
DA:7,1
DA:8,1
DA:10,1
DA:12,1
DA:13,1
DA:15,1
DA:25,1
DA:28,1
DA:33,1
DA:34,1
DA:35,1
DA:37,1
DA:38,0
DA:40,8
DA:41,8
DA:43,2
DA:58,6
DA:68,1
DA:69,4
DA:71,4
DA:89,1
DA:90,1
LF:28
LH:27
BRDA:40,17,0,4
BRDA:40,17,1,4
BRDA:40,18,0,8
BRDA:40,18,1,4
BRDA:41,19,0,2
BRDA:41,19,1,6
BRDA:47,20,0,1
BRDA:47,20,1,1
BRDA:48,21,0,1
BRDA:48,21,1,1
BRF:10
BRH:10
end_of_record
TN:
SF:/Users/maxime_beauchemin/code/caravel/superset/assets/javascripts/explore/components/controls/TextControl.jsx
FN:23,onChange
FN:30,TextControl
FN:34,onChange
FN:57,render
FNF:4
FNH:0
FNDA:0,onChange
FNDA:0,TextControl
FNDA:0,onChange
FNDA:0,render
DA:1,1
DA:2,1
DA:3,1
DA:4,1
DA:5,1
DA:7,1
DA:20,1
DA:23,1
DA:29,1
DA:30,1
DA:31,0
DA:32,0
DA:34,1
DA:35,0
DA:38,0
DA:39,0
DA:40,0
DA:41,0
DA:42,0
DA:44,0
DA:47,0
DA:48,0
DA:49,0
DA:50,0
DA:52,0
DA:55,0
DA:57,1
DA:58,0
DA:60,0
DA:75,1
DA:76,1
LF:31
LH:14
BRDA:31,20,0,0
BRDA:31,20,1,0
BRDA:35,21,0,0
BRDA:35,21,1,0
BRDA:39,22,0,0
BRDA:39,22,1,0
BRDA:41,23,0,0
BRDA:41,23,1,0
BRDA:47,24,0,0
BRDA:47,24,1,0
BRDA:49,25,0,0
BRDA:49,25,1,0
BRDA:58,26,0,0
BRDA:58,26,1,0
BRF:14
BRH:0
end_of_record
TN:
SF:/Users/maxime_beauchemin/code/caravel/superset/assets/javascripts/explore/components/controls/VizTypeControl.jsx
FN:18,onChange
FN:22,VizTypeControl
FN:33,onChange
FN:37,setSearchRef
FN:40,toggleModal
FN:43,changeSearch
FN:46,focusSearch
FN:51,renderVizType
FN:69,render
FN:72,(anonymous_26)
FN:79,(anonymous_27)
FN:115,inputRef
FNF:12
FNH:6
FNDA:0,onChange
FNDA:3,VizTypeControl
FNDA:1,onChange
FNDA:0,setSearchRef
FNDA:0,toggleModal
FNDA:0,changeSearch
FNDA:0,focusSearch
FNDA:103,renderVizType
FNDA:4,render
FNDA:132,(anonymous_26)
FNDA:103,(anonymous_27)
FNDA:0,inputRef
DA:1,1
DA:2,1
DA:3,1
DA:6,1
DA:7,1
DA:9,1
DA:17,1
DA:18,1
DA:21,1
DA:22,1
DA:23,3
DA:24,3
DA:28,3
DA:29,3
DA:30,3
DA:31,3
DA:33,1
DA:34,1
DA:35,1
DA:37,1
DA:38,0
DA:40,1
DA:41,0
DA:43,1
DA:44,0
DA:46,1
DA:47,0
DA:48,0
DA:51,1
DA:52,103
DA:54,103
DA:69,1
DA:70,4
DA:71,4
DA:72,132
DA:74,4
DA:75,4
DA:76,4
DA:77,29
DA:80,103
DA:87,4
DA:115,1
DA:130,1
DA:131,1
LF:44
LH:39
BRDA:23,16,0,3
BRDA:23,16,1,0
BRDA:47,17,0,0
BRDA:47,17,1,0
BRDA:55,18,0,3
BRDA:55,18,1,100
BRDA:61,19,0,3
BRDA:61,19,1,100
BRDA:72,20,0,132
BRDA:72,20,1,33
BRF:10
BRH:7
end_of_record
TN:
SF:/Users/maxime_beauchemin/code/caravel/superset/assets/javascripts/explore/components/controls/ColorSchemeControl.jsx
FN:23,onChange
FN:27,ColorSchemeControl
FN:37,onChange
FN:43,renderOption
FN:51,(anonymous_18)
FN:54,(anonymous_19)
FN:63,render
FN:69,(anonymous_22)
FNF:8
FNH:0
FNDA:0,onChange
FNDA:0,ColorSchemeControl
FNDA:0,onChange
FNDA:0,renderOption
FNDA:0,(anonymous_18)
FNDA:0,(anonymous_19)
FNDA:0,render
FNDA:0,(anonymous_22)
DA:1,1
DA:2,1
DA:3,1
DA:4,1
DA:6,1
DA:8,1
DA:20,1
DA:23,1
DA:26,1
DA:27,1
DA:28,0
DA:29,0
DA:33,0
DA:34,0
DA:37,1
DA:38,0
DA:39,0
DA:40,0
DA:43,1
DA:44,0
DA:48,0
DA:49,0
DA:50,0
DA:51,0
DA:54,0
DA:55,0
DA:60,0
DA:63,1
DA:64,0
DA:69,0
DA:78,0
DA:86,1
DA:87,1
LF:33
LH:15
BRDA:28,17,0,0
BRDA:28,17,1,0
BRDA:38,18,0,0
BRDA:38,18,1,0
BRDA:45,19,0,0
BRDA:45,19,1,0
BRDA:49,20,0,0
BRDA:49,20,1,0
BRDA:57,21,0,0
BRDA:57,21,1,0
BRF:10
BRH:0
end_of_record
TN:
SF:/Users/maxime_beauchemin/code/caravel/superset/assets/javascripts/explore/components/DisplayQueryButton.jsx
FN:21,DisplayQueryButton
FN:32,setStateFromQueryResponse
FN:40,fetchQuery
FN:45,success
FN:53,error
FN:61,beforeOpen
FN:68,renderModalBody
FN:85,render
FNF:8
FNH:5
FNDA:1,DisplayQueryButton
FNDA:1,setStateFromQueryResponse
FNDA:0,fetchQuery
FNDA:0,success
FNDA:0,error
FNDA:1,beforeOpen
FNDA:2,renderModalBody
FNDA:2,render
DA:1,1
DA:2,1
DA:3,1
DA:4,1
DA:6,1
DA:8,1
DA:10,1
DA:16,1
DA:20,1
DA:21,1
DA:22,1
DA:23,1
DA:29,1
DA:30,1
DA:32,1
DA:33,1
DA:34,1
DA:40,1
DA:41,0
DA:42,0
DA:45,1
DA:46,0
DA:53,1
DA:54,0
DA:61,1
DA:62,1
DA:63,0
DA:65,1
DA:68,1
DA:69,2
DA:70,0
DA:75,2
DA:76,0
DA:77,2
DA:79,1
DA:83,1
DA:85,1
DA:87,2
DA:100,1
DA:101,1
LF:40
LH:33
BRDA:22,16,0,1
BRDA:22,16,1,0
BRDA:55,17,0,0
BRDA:55,17,1,0
BRDA:62,18,0,0
BRDA:62,18,1,1
BRDA:62,19,0,1
BRDA:62,19,1,1
BRDA:69,20,0,0
BRDA:69,20,1,2
BRDA:75,21,0,0
BRDA:75,21,1,2
BRDA:77,22,0,1
BRDA:77,22,1,1
BRF:14
BRH:8
end_of_record
TN:
SF:/Users/maxime_beauchemin/code/caravel/superset/assets/javascripts/explore/components/EmbedCodeButton.jsx
FN:11,EmbedCodeButton
FN:20,handleInputChange
FN:28,generateEmbedHTML
FN:47,renderPopover
FN:106,render
FNF:5
FNH:4
FNDA:2,EmbedCodeButton
FNDA:0,handleInputChange
FNDA:4,generateEmbedHTML
FNDA:3,renderPopover
FNDA:3,render
DA:1,1
DA:2,1
DA:3,1
DA:4,1
DA:6,1
DA:10,1
DA:11,1
DA:12,2
DA:13,2
DA:17,2
DA:20,1
DA:21,0
DA:22,0
DA:23,0
DA:24,0
DA:25,0
DA:28,1
DA:29,4
DA:35,4
DA:47,1
DA:48,3
DA:50,3
DA:106,1
DA:108,3
DA:122,1
LF:25
LH:20
BRDA:12,16,0,2
BRDA:12,16,1,0
BRF:2
BRH:1
end_of_record
TN:
SF:/Users/maxime_beauchemin/code/caravel/superset/assets/javascripts/explore/components/ExploreActionButtons.jsx
FN:16,ExploreActionButtons
FNF:1
FNH:1
FNDA:1,ExploreActionButtons
DA:1,1
DA:2,1
DA:3,1
DA:4,1
DA:5,1
DA:6,1
DA:8,1
DA:16,1
DA:17,1
DA:18,1
DA:21,1
DA:23,1
DA:57,0
DA:61,1
LF:14
LH:13
BRDA:21,3,0,1
BRDA:21,3,1,0
BRF:2
BRH:1
end_of_record
TN:
SF:/Users/maxime_beauchemin/code/caravel/superset/assets/javascripts/explore/components/URLShortLinkButton.jsx
FN:12,URLShortLinkButton
FN:19,onShortUrlSuccess
FN:25,getCopyUrl
FN:30,renderPopover
FN:46,render
FNF:5
FNH:3
FNDA:1,URLShortLinkButton
FNDA:0,onShortUrlSuccess
FNDA:0,getCopyUrl
FNDA:1,renderPopover
FNDA:1,render
DA:1,1
DA:2,1
DA:3,1
DA:4,1
DA:5,1
DA:7,1
DA:11,1
DA:12,1
DA:13,1
DA:14,1
DA:19,1
DA:20,0
DA:25,1
DA:26,0
DA:27,0
DA:30,1
DA:31,1
DA:33,1
DA:46,1
DA:48,1
DA:63,1
LF:21
LH:18
BRDA:13,16,0,1
BRDA:13,16,1,0
BRF:2
BRH:1
end_of_record
TN:
SF:/Users/maxime_beauchemin/code/caravel/superset/assets/javascripts/explore/components/QueryAndSaveBtns.jsx
FN:18,onStop
FN:19,onSave
FN:23,QueryAndSaveBtns
FNF:3
FNH:1
FNDA:0,onStop
FNDA:0,onSave
FNDA:3,QueryAndSaveBtns
DA:1,1
DA:2,1
DA:3,1
DA:4,1
DA:6,1
DA:8,1
DA:17,1
DA:18,1
DA:19,1
DA:23,1
DA:24,3
DA:25,3
DA:28,3
DA:29,3
DA:30,3
DA:49,3
DA:80,1
DA:81,1
LF:18
LH:18
BRDA:28,3,0,0
BRDA:28,3,1,3
BRDA:29,4,0,0
BRDA:29,4,1,3
BRDA:31,5,0,0
BRDA:31,5,1,3
BRDA:63,6,0,3
BRDA:63,6,1,0
BRF:8
BRH:4
end_of_record
TN:
SF:/Users/maxime_beauchemin/code/caravel/superset/assets/javascripts/SqlLab/components/RunQueryActionButton.jsx
FN:17,RunQueryActionButton
FNF:1
FNH:1
FNDA:8,RunQueryActionButton
DA:1,1
DA:2,1
DA:3,1
DA:5,1
DA:13,1
DA:17,1
DA:18,8
DA:19,8
DA:20,8
DA:21,8
DA:23,8
DA:29,8
DA:32,0
DA:40,8
DA:43,0
DA:51,8
DA:60,8
DA:61,8
DA:62,2
DA:63,6
DA:64,0
DA:66,6
DA:70,8
DA:76,1
DA:77,1
LF:25
LH:22
BRDA:18,5,0,0
BRDA:18,5,1,8
BRDA:19,6,0,0
BRDA:19,6,1,8
BRDA:61,7,0,2
BRDA:61,7,1,6
BRDA:63,8,0,0
BRDA:63,8,1,6
BRF:8
BRH:5
end_of_record
TN:
SF:/Users/maxime_beauchemin/code/caravel/superset/assets/javascripts/explore/actions/saveModalActions.js
FN:4,fetchDashboardsSucceeded
FN:9,fetchDashboardsFailed
FN:13,fetchDashboards
FN:14,(anonymous_4)
FN:19,success
FN:26,error
FN:34,saveSliceFailed
FN:38,saveSliceSuccess
FN:43,removeSaveModalAlert
FN:47,saveSlice
FN:48,(anonymous_13)
FN:49,(anonymous_14)
FNF:12
FNH:7
FNDA:1,fetchDashboardsSucceeded
FNDA:1,fetchDashboardsFailed
FNDA:5,fetchDashboards
FNDA:4,(anonymous_4)
FNDA:1,success
FNDA:1,error
FNDA:0,saveSliceFailed
FNDA:0,saveSliceSuccess
FNDA:6,removeSaveModalAlert
FNDA:0,saveSlice
FNDA:0,(anonymous_13)
FNDA:0,(anonymous_14)
DA:1,1
DA:3,1
DA:4,1
DA:5,1
DA:8,1
DA:9,1
DA:10,1
DA:13,1
DA:14,5
DA:15,4
DA:16,4
DA:19,1
DA:20,1
DA:21,1
DA:22,1
DA:24,1
DA:26,1
DA:27,1
DA:33,1
DA:34,1
DA:35,0
DA:37,1
DA:38,1
DA:39,0
DA:42,1
DA:43,1
DA:44,6
DA:47,1
DA:48,0
DA:49,0
DA:50,0
DA:51,0
DA:53,0
LF:33
LH:26
BRDA:50,1,0,0
BRDA:50,1,1,0
BRF:2
BRH:0
end_of_record
TN:
SF:/Users/maxime_beauchemin/code/caravel/superset/assets/javascripts/explore/components/SaveModal.jsx
FN:1,_inherits
FN:23,SaveModal
FN:35,componentDidMount
FN:38,onChange
FN:54,changeAction
FN:57,changeDash
FN:60,saveOrOverwrite
FN:108,(anonymous_20)
FN:114,removeAlert
FN:120,render
FN:234,mapStateToProps
FN:246,(anonymous_26)
FNF:12
FNH:12
FNDA:1,_inherits
FNDA:11,SaveModal
FNDA:1,componentDidMount
FNDA:3,onChange
FNDA:1,changeAction
FNDA:1,changeDash
FNDA:5,saveOrOverwrite
FNDA:3,(anonymous_20)
FNDA:1,removeAlert
FNDA:32,render
FNDA:11,mapStateToProps
FNDA:11,(anonymous_26)
DA:1,1
DA:2,1
DA:3,1
DA:4,1
DA:6,1
DA:7,1
DA:8,1
DA:10,1
DA:22,1
DA:23,1
DA:24,11
DA:25,11
DA:35,1
DA:36,1
DA:38,1
DA:39,3
DA:41,1
DA:44,1
DA:45,1
DA:48,1
DA:54,1
DA:55,1
DA:57,1
DA:58,1
DA:60,1
DA:61,5
DA:62,5
DA:63,5
DA:65,5
DA:66,5
DA:67,5
DA:68,5
DA:70,5
DA:71,0
DA:72,0
DA:73,0
DA:76,0
DA:78,5
DA:81,5
DA:82,5
DA:83,5
DA:84,5
DA:86,2
DA:87,2
DA:88,1
DA:91,1
DA:94,2
DA:95,2
DA:96,1
DA:99,1
DA:102,1
DA:104,3
DA:106,3
DA:107,3
DA:110,3
DA:112,3
DA:114,1
DA:115,1
DA:116,1
DA:118,1
DA:120,1
DA:122,32
DA:232,1
DA:234,11
DA:235,11
DA:245,1
DA:246,11
LF:67
LH:63
BRDA:1,11,0,0
BRDA:1,11,1,1
BRDA:1,12,0,1
BRDA:1,12,1,0
BRDA:1,13,0,1
BRDA:1,13,1,1
BRDA:1,14,0,1
BRDA:1,14,1,0
BRDA:1,15,0,1
BRDA:1,15,1,0
BRDA:24,16,0,11
BRDA:24,16,1,0
BRDA:31,17,0,11
BRDA:31,17,1,0
BRDA:40,18,0,1
BRDA:40,18,1,1
BRDA:40,18,2,1
BRDA:40,18,3,0
BRDA:67,19,0,5
BRDA:67,19,1,0
BRDA:67,20,0,5
BRDA:67,20,1,5
BRDA:70,21,0,0
BRDA:70,21,1,5
BRDA:72,22,0,0
BRDA:72,22,1,0
BRDA:85,23,0,2
BRDA:85,23,1,2
BRDA:85,23,2,1
BRDA:87,24,0,1
BRDA:87,24,1,1
BRDA:95,25,0,1
BRDA:95,25,1,1
BRDA:115,26,0,1
BRDA:115,26,1,0
BRDA:133,27,0,32
BRDA:133,27,1,28
BRDA:133,27,2,6
BRDA:135,28,0,4
BRDA:135,28,1,2
BRDA:143,29,0,32
BRDA:143,29,1,31
BRF:42
BRH:31
end_of_record
TN:
SF:/Users/maxime_beauchemin/code/caravel/superset/assets/javascripts/explore/reducers/exploreReducer.js
FN:1,_defineProperty
FN:5,exploreReducer
FN:7,(anonymous_4)
FN:10,(anonymous_5)
FN:13,(anonymous_6)
FN:16,(anonymous_7)
FN:24,(anonymous_8)
FN:27,(anonymous_9)
FN:30,(anonymous_10)
FN:33,(anonymous_11)
FN:41,(anonymous_12)
FN:44,(anonymous_13)
FN:47,(anonymous_14)
FN:59,(anonymous_15)
FN:64,(anonymous_16)
FN:68,(anonymous_17)
FN:72,(anonymous_18)
FNF:17
FNH:3
FNDA:30,_defineProperty
FNDA:2,exploreReducer
FNDA:0,(anonymous_4)
FNDA:0,(anonymous_5)
FNDA:0,(anonymous_6)
FNDA:0,(anonymous_7)
FNDA:0,(anonymous_8)
FNDA:0,(anonymous_9)
FNDA:0,(anonymous_10)
FNDA:0,(anonymous_11)
FNDA:0,(anonymous_12)
FNDA:0,(anonymous_13)
FNDA:2,(anonymous_14)
FNDA:0,(anonymous_15)
FNDA:0,(anonymous_16)
FNDA:0,(anonymous_17)
FNDA:0,(anonymous_18)
DA:1,30
DA:2,1
DA:3,1
DA:5,2
DA:6,2
DA:8,0
DA:11,0
DA:14,0
DA:18,0
DA:25,0
DA:28,0
DA:31,0
DA:35,0
DA:42,0
DA:45,0
DA:48,2
DA:49,2
DA:50,2
DA:51,2
DA:52,2
DA:53,2
DA:54,2
DA:55,2
DA:57,2
DA:60,0
DA:65,0
DA:66,0
DA:69,0
DA:70,0
DA:73,0
DA:76,2
DA:77,2
DA:79,0
LF:33
LH:16
BRDA:1,5,0,0
BRDA:1,5,1,30
BRDA:5,6,0,2
BRDA:5,6,1,0
BRDA:5,7,0,2
BRDA:5,7,1,2
BRDA:54,8,0,2
BRDA:54,8,1,0
BRDA:76,9,0,2
BRDA:76,9,1,0
BRF:10
BRH:6
end_of_record
TN:
SF:/Users/maxime_beauchemin/code/caravel/superset/assets/javascripts/profile/components/App.jsx
FN:14,App
FNF:1
FNH:1
FNDA:2,App
DA:1,1
DA:2,1
DA:3,1
DA:4,1
DA:5,1
DA:6,1
DA:7,1
DA:8,1
DA:10,1
DA:14,1
DA:16,2
DA:52,1
LF:12
LH:12
BRF:0
BRH:0
end_of_record
TN:
SF:/Users/maxime_beauchemin/code/caravel/superset/assets/javascripts/profile/components/Favorites.jsx
FN:11,Favorites
FN:20,renderSliceTable
FN:21,mutator
FN:21,(anonymous_14)
FN:38,renderDashboardTable
FN:39,mutator
FN:39,(anonymous_19)
FN:55,render
FNF:8
FNH:4
FNDA:4,Favorites
FNDA:4,renderSliceTable
FNDA:0,mutator
FNDA:0,(anonymous_14)
FNDA:4,renderDashboardTable
FNDA:0,mutator
FNDA:0,(anonymous_19)
FNDA:4,render
DA:1,1
DA:2,1
DA:3,1
DA:4,1
DA:6,1
DA:10,1
DA:11,1
DA:12,4
DA:13,4
DA:20,1
DA:21,4
DA:28,4
DA:38,1
DA:39,4
DA:45,4
DA:55,1
DA:57,4
DA:67,1
LF:18
LH:18
BRDA:12,16,0,4
BRDA:12,16,1,0
BRF:2
BRH:1
end_of_record
TN:
SF:/Users/maxime_beauchemin/code/caravel/superset/assets/javascripts/profile/components/TableLoader.jsx
FN:14,TableLoader
FN:21,componentWillMount
FN:22,(anonymous_12)
FN:30,render
FN:34,(anonymous_15)
FN:46,(anonymous_16)
FN:48,(anonymous_17)
FNF:7
FNH:3
FNDA:19,TableLoader
FNDA:19,componentWillMount
FNDA:0,(anonymous_12)
FNDA:19,render
FNDA:0,(anonymous_15)
FNDA:0,(anonymous_16)
FNDA:0,(anonymous_17)
DA:1,1
DA:2,1
DA:3,1
DA:4,1
DA:5,1
DA:7,1
DA:13,1
DA:14,1
DA:15,19
DA:16,19
DA:21,1
DA:22,19
DA:23,0
DA:24,0
DA:25,0
DA:27,0
DA:30,1
DA:31,19
DA:32,19
DA:33,19
DA:34,0
DA:36,19
DA:37,19
DA:38,19
DA:39,19
DA:40,19
DA:43,0
DA:47,0
DA:49,0
DA:51,0
DA:55,0
DA:65,1
LF:32
LH:22
BRDA:15,16,0,19
BRDA:15,16,1,0
BRDA:24,17,0,0
BRDA:24,17,1,0
BRDA:33,18,0,0
BRDA:33,18,1,19
BRDA:33,19,0,19
BRDA:33,19,1,3
BRDA:39,20,0,19
BRDA:39,20,1,0
BRDA:49,21,0,0
BRDA:49,21,1,0
BRF:12
BRH:5
end_of_record
TN:
SF:/Users/maxime_beauchemin/code/caravel/superset/assets/javascripts/profile/components/UserInfo.jsx
FN:10,UserInfo
FNF:1
FNH:1
FNDA:7,UserInfo
DA:1,1
DA:2,1
DA:3,1
DA:4,1
DA:5,1
DA:7,1
DA:10,7
DA:11,7
DA:48,1
DA:49,1
LF:10
LH:10
BRF:0
BRH:0
end_of_record
TN:
SF:/Users/maxime_beauchemin/code/caravel/superset/assets/javascripts/profile/components/Security.jsx
FN:8,Security
FN:15,(anonymous_3)
FN:24,(anonymous_4)
FN:35,(anonymous_5)
FNF:4
FNH:4
FNDA:8,Security
FNDA:16,(anonymous_3)
FNDA:21,(anonymous_4)
FNDA:14,(anonymous_5)
DA:1,1
DA:2,1
DA:3,1
DA:5,1
DA:8,8
DA:10,8
DA:15,16
DA:24,21
DA:35,14
DA:42,1
LF:10
LH:10
BRDA:19,3,0,8
BRDA:19,3,1,7
BRDA:30,4,0,8
BRDA:30,4,1,7
BRF:4
BRH:4
end_of_record
TN:
SF:/Users/maxime_beauchemin/code/caravel/superset/assets/javascripts/profile/components/RecentActivity.jsx
FN:12,render
FN:13,mutator
FN:14,(anonymous_14)
FNF:3
FNH:1
FNDA:3,render
FNDA:0,mutator
FNDA:0,(anonymous_14)
DA:1,1
DA:2,1
DA:3,1
DA:5,1
DA:7,1
DA:11,1
DA:12,1
DA:13,3
DA:14,0
DA:22,3
DA:33,1
LF:11
LH:10
BRF:0
BRH:0
end_of_record
TN:
SF:/Users/maxime_beauchemin/code/caravel/superset/assets/javascripts/profile/components/CreatedContent.jsx
FN:11,CreatedContent
FN:20,renderSliceTable
FN:21,mutator
FN:21,(anonymous_14)
FN:37,renderDashboardTable
FN:38,mutator
FN:38,(anonymous_19)
FN:54,render
FNF:8
FNH:4
FNDA:4,CreatedContent
FNDA:4,renderSliceTable
FNDA:0,mutator
FNDA:0,(anonymous_14)
FNDA:4,renderDashboardTable
FNDA:0,mutator
FNDA:0,(anonymous_19)
FNDA:4,render
DA:1,1
DA:2,1
DA:3,1
DA:4,1
DA:6,1
DA:10,1
DA:11,1
DA:12,4
DA:13,4
DA:20,1
DA:21,4
DA:27,4
DA:37,1
DA:38,4
DA:44,4
DA:54,1
DA:56,4
DA:66,1
DA:68,1
LF:19
LH:19
BRDA:12,16,0,4
BRDA:12,16,1,0
BRF:2
BRH:1
end_of_record
TN:
SF:/Users/maxime_beauchemin/code/caravel/superset/assets/javascripts/components/EditableTitle.jsx
FN:16,EditableTitle
FN:28,handleClick
FN:37,handleBlur
FN:53,handleChange
FN:62,handleKeyPress
FN:69,render
FNF:6
FNH:5
FNDA:2,EditableTitle
FNDA:4,handleClick
FNDA:2,handleBlur
FNDA:2,handleChange
FNDA:0,handleKeyPress
FNDA:11,render
DA:1,1
DA:2,1
DA:3,1
DA:5,1
DA:10,1
DA:15,1
DA:16,1
DA:17,2
DA:18,2
DA:23,2
DA:24,2
DA:25,2
DA:26,2
DA:28,1
DA:29,4
DA:33,3
DA:37,1
DA:38,2
DA:42,2
DA:46,2
DA:47,1
DA:50,1
DA:53,1
DA:54,2
DA:58,1
DA:62,1
DA:63,0
DA:64,0
DA:66,0
DA:69,1
DA:71,11
DA:90,1
DA:91,1
DA:93,1
LF:34
LH:31
BRDA:17,16,0,2
BRDA:17,16,1,0
BRDA:29,17,0,1
BRDA:29,17,1,3
BRDA:38,18,0,0
BRDA:38,18,1,2
BRDA:46,19,0,1
BRDA:46,19,1,1
BRDA:54,20,0,1
BRDA:54,20,1,1
BRDA:63,21,0,0
BRDA:63,21,1,0
BRDA:74,22,0,10
BRDA:74,22,1,1
BRDA:78,23,0,5
BRDA:78,23,1,6
BRF:16
BRH:12
end_of_record
TN:
SF:/Users/maxime_beauchemin/code/caravel/superset/assets/javascripts/SqlLab/actions.js
FN:44,resetState
FN:48,saveQuery
FN:61,startQuery
FN:72,querySuccess
FN:76,queryFailed
FN:80,stopQuery
FN:84,clearQueryResults
FN:88,removeDataPreview
FN:92,requestQueryResults
FN:96,fetchQueryResults
FN:97,(anonymous_16)
FN:104,success
FN:107,error
FN:118,runQuery
FN:119,(anonymous_22)
FN:139,success
FN:144,error
FN:167,postStopQuery
FN:168,(anonymous_28)
FN:177,success
FN:180,error
FN:187,setDatabases
FN:191,addQueryEditor
FN:196,cloneQueryToNewTab
FN:200,addAlert
FN:206,removeAlert
FN:210,setActiveQueryEditor
FN:214,setActiveSouthPaneTab
FN:218,removeQueryEditor
FN:222,removeQuery
FN:226,queryEditorSetDb
FN:230,queryEditorSetSchema
FN:234,queryEditorSetAutorun
FN:238,queryEditorSetTitle
FN:242,queryEditorSetSql
FN:246,queryEditorSetSelectedText
FN:250,mergeTable
FN:254,addTable
FN:255,(anonymous_50)
FN:269,(anonymous_51)
FN:289,(anonymous_52)
FN:298,(anonymous_53)
FN:302,(anonymous_54)
FN:312,changeDataPreviewId
FN:316,reFetchQueryResults
FN:317,(anonymous_57)
FN:333,expandTable
FN:337,collapseTable
FN:341,removeTable
FN:345,refreshQueries
FN:349,popStoredQuery
FN:350,(anonymous_63)
FN:354,success
FN:369,popSavedQuery
FN:370,(anonymous_69)
FN:374,success
FN:390,createDatasourceStarted
FN:393,createDatasourceSuccess
FN:398,createDatasourceFailed
FN:402,createDatasource
FN:403,(anonymous_78)
FN:414,success
FN:417,error
FNF:63
FNH:41
FNDA:0,resetState
FNDA:2,saveQuery
FNDA:7,startQuery
FNDA:2,querySuccess
FNDA:2,queryFailed
FNDA:5,stopQuery
FNDA:0,clearQueryResults
FNDA:0,removeDataPreview
FNDA:5,requestQueryResults
FNDA:5,fetchQueryResults
FNDA:5,(anonymous_16)
FNDA:1,success
FNDA:1,error
FNDA:4,runQuery
FNDA:4,(anonymous_22)
FNDA:1,success
FNDA:1,error
FNDA:4,postStopQuery
FNDA:4,(anonymous_28)
FNDA:0,success
FNDA:0,error
FNDA:0,setDatabases
FNDA:13,addQueryEditor
FNDA:1,cloneQueryToNewTab
FNDA:1,addAlert
FNDA:1,removeAlert
FNDA:1,setActiveQueryEditor
FNDA:0,setActiveSouthPaneTab
FNDA:1,removeQueryEditor
FNDA:1,removeQuery
FNDA:1,queryEditorSetDb
FNDA:1,queryEditorSetSchema
FNDA:2,queryEditorSetAutorun
FNDA:1,queryEditorSetTitle
FNDA:1,queryEditorSetSql
FNDA:4,queryEditorSetSelectedText
FNDA:5,mergeTable
FNDA:0,addTable
FNDA:0,(anonymous_50)
FNDA:0,(anonymous_51)
FNDA:0,(anonymous_52)
FNDA:0,(anonymous_53)
FNDA:0,(anonymous_54)
FNDA:0,changeDataPreviewId
FNDA:0,reFetchQueryResults
FNDA:0,(anonymous_57)
FNDA:1,expandTable
FNDA:1,collapseTable
FNDA:1,removeTable
FNDA:1,refreshQueries
FNDA:1,popStoredQuery
FNDA:1,(anonymous_63)
FNDA:0,success
FNDA:1,popSavedQuery
FNDA:1,(anonymous_69)
FNDA:0,success
FNDA:1,createDatasourceStarted
FNDA:0,createDatasourceSuccess
FNDA:0,createDatasourceFailed
FNDA:1,createDatasource
FNDA:1,(anonymous_78)
FNDA:0,success
FNDA:0,error
DA:2,1
DA:3,1
DA:5,1
DA:7,1
DA:8,1
DA:9,1
DA:10,1
DA:11,1
DA:12,1
DA:13,1
DA:14,1
DA:15,1
DA:16,1
DA:17,1
DA:18,1
DA:19,1
DA:20,1
DA:21,1
DA:22,1
DA:23,1
DA:24,1
DA:25,1
DA:26,1
DA:27,1
DA:28,1
DA:29,1
DA:30,1
DA:31,1
DA:32,1
DA:33,1
DA:34,1
DA:35,1
DA:36,1
DA:37,1
DA:38,1
DA:40,1
DA:41,1
DA:42,1
DA:44,1
DA:45,0
DA:48,1
DA:49,2
DA:50,2
DA:54,0
DA:55,0
DA:58,2
DA:61,1
DA:62,7
DA:69,7
DA:72,1
DA:73,2
DA:76,1
DA:77,2
DA:80,1
DA:81,5
DA:84,1
DA:85,0
DA:88,1
DA:89,0
DA:92,1
DA:93,5
DA:96,1
DA:97,5
DA:98,5
DA:99,5
DA:100,5
DA:104,1
DA:105,1
DA:107,1
DA:108,1
DA:109,1
DA:110,1
DA:112,1
DA:118,1
DA:119,4
DA:120,4
DA:121,4
DA:133,4
DA:134,4
DA:139,1
DA:140,1
DA:141,1
DA:144,1
DA:145,1
DA:146,1
DA:147,1
DA:149,0
DA:150,0
DA:153,1
DA:154,0
DA:155,1
DA:156,0
DA:158,1
DA:159,0
DA:161,1
DA:167,1
DA:168,4
DA:169,4
DA:170,4
DA:171,4
DA:172,4
DA:177,1
DA:178,0
DA:180,1
DA:181,0
DA:187,1
DA:188,0
DA:191,1
DA:192,13
DA:193,13
DA:196,1
DA:197,1
DA:200,1
DA:201,1
DA:202,1
DA:203,1
DA:206,1
DA:207,1
DA:210,1
DA:211,1
DA:214,1
DA:215,0
DA:218,1
DA:219,1
DA:222,1
DA:223,1
DA:226,1
DA:227,1
DA:230,1
DA:231,1
DA:234,1
DA:235,2
DA:238,1
DA:239,1
DA:242,1
DA:243,1
DA:246,1
DA:247,4
DA:250,1
DA:251,5
DA:254,1
DA:255,0
DA:256,0
DA:262,0
DA:268,0
DA:269,0
DA:270,0
DA:281,0
DA:285,0
DA:287,0
DA:290,0
DA:293,0
DA:294,0
DA:297,0
DA:298,0
DA:299,0
DA:300,0
DA:303,0
DA:306,0
DA:307,0
DA:312,1
DA:313,0
DA:316,1
DA:317,0
DA:318,0
DA:328,0
DA:329,0
DA:333,1
DA:334,1
DA:337,1
DA:338,1
DA:341,1
DA:342,1
DA:345,1
DA:346,1
DA:349,1
DA:350,1
DA:351,1
DA:354,1
DA:355,0
DA:356,0
DA:363,0
DA:365,0
DA:369,1
DA:370,1
DA:371,1
DA:374,1
DA:375,0
DA:376,0
DA:383,0
DA:385,0
DA:390,1
DA:391,1
DA:393,1
DA:394,0
DA:395,0
DA:396,0
DA:398,1
DA:399,0
DA:402,1
DA:403,1
DA:404,1
DA:406,1
DA:414,1
DA:415,0
DA:417,1
DA:418,0
LF:207
LH:155
BRDA:63,3,0,3
BRDA:63,3,1,4
BRDA:66,4,0,0
BRDA:66,4,1,7
BRDA:109,5,0,1
BRDA:109,5,1,0
BRDA:109,6,0,1
BRDA:109,6,1,1
BRDA:140,7,0,1
BRDA:140,7,1,0
BRDA:149,8,0,0
BRDA:149,8,1,0
BRDA:153,9,0,0
BRDA:153,9,1,1
BRDA:153,10,0,1
BRDA:153,10,1,0
BRDA:155,11,0,0
BRDA:155,11,1,1
BRDA:158,12,0,0
BRDA:158,12,1,1
BRDA:357,13,0,0
BRDA:357,13,1,0
BRDA:358,14,0,0
BRDA:358,14,1,0
BRDA:359,15,0,0
BRDA:359,15,1,0
BRDA:360,16,0,0
BRDA:360,16,1,0
BRDA:361,17,0,0
BRDA:361,17,1,0
BRDA:378,18,0,0
BRDA:378,18,1,0
BRF:32
BRH:11
end_of_record
TN:
SF:/Users/maxime_beauchemin/code/caravel/superset/assets/javascripts/components/AlertsWrapper.jsx
FN:1,_inherits
FN:14,componentDidMount
FN:15,(anonymous_12)
FN:23,render
FN:26,ref
FNF:5
FNH:2
FNDA:1,_inherits
FNDA:0,componentDidMount
FNDA:0,(anonymous_12)
FNDA:3,render
FNDA:0,ref
DA:1,1
DA:2,1
DA:3,1
DA:4,1
DA:6,1
DA:9,1
DA:13,1
DA:14,1
DA:15,0
DA:16,0
DA:17,0
DA:19,0
DA:23,1
DA:25,3
DA:26,1
DA:27,0
DA:37,1
DA:38,1
LF:18
LH:13
BRDA:1,11,0,0
BRDA:1,11,1,1
BRDA:1,12,0,1
BRDA:1,12,1,0
BRDA:1,13,0,1
BRDA:1,13,1,1
BRDA:1,14,0,1
BRDA:1,14,1,0
BRDA:1,15,0,1
BRDA:1,15,1,0
BRDA:16,17,0,0
BRDA:16,17,1,0
BRF:12
BRH:6
end_of_record
TN:
SF:/Users/maxime_beauchemin/code/caravel/superset/assets/javascripts/SqlLab/components/App.jsx
FN:15,App
FN:22,componentDidMount
FN:28,componentWillUnmount
FN:32,onHashChanged
FN:35,getHeight
FN:48,handleResize
FN:51,render
FN:88,mapStateToProps
FN:94,mapDispatchToProps
FNF:9
FNH:6
FNDA:3,App
FNDA:0,componentDidMount
FNDA:0,componentWillUnmount
FNDA:0,onHashChanged
FNDA:1,getHeight
FNDA:1,handleResize
FNDA:4,render
FNDA:3,mapStateToProps
FNDA:3,mapDispatchToProps
DA:1,1
DA:2,1
DA:3,1
DA:4,1
DA:6,1
DA:7,1
DA:8,1
DA:9,1
DA:10,1
DA:12,1
DA:14,1
DA:15,1
DA:16,3
DA:17,3
DA:22,1
DA:24,0
DA:25,0
DA:26,0
DA:28,1
DA:29,0
DA:30,0
DA:32,1
DA:33,0
DA:35,1
DA:36,1
DA:37,1
DA:38,1
DA:39,1
DA:40,1
DA:41,1
DA:42,1
DA:43,1
DA:44,1
DA:45,1
DA:46,1
DA:48,1
DA:49,1
DA:51,1
DA:52,4
DA:53,4
DA:55,0
DA:65,4
DA:72,4
DA:82,1
DA:88,1
DA:89,3
DA:94,1
DA:95,3
DA:100,1
DA:101,1
LF:50
LH:43
BRDA:16,20,0,3
BRDA:16,20,1,0
BRDA:43,21,0,0
BRDA:43,21,1,1
BRDA:44,22,0,0
BRDA:44,22,1,1
BRDA:45,23,0,0
BRDA:45,23,1,1
BRDA:53,24,0,0
BRDA:53,24,1,4
BRF:10
BRH:5
end_of_record
TN:
SF:/Users/maxime_beauchemin/code/caravel/superset/assets/javascripts/SqlLab/components/TabbedSqlEditors.jsx
FN:30,TabbedSqlEditors
FN:40,componentDidMount
FN:55,(anonymous_14)
FN:74,componentWillReceiveProps
FN:87,(anonymous_17)
FN:97,popNewTab
FN:102,renameTab
FN:109,activeQueryEditor
FN:119,newQueryEditor
FN:133,handleSelect
FN:140,removeQueryEditor
FN:143,toggleLeftBar
FN:146,render
FN:147,(anonymous_34)
FN:196,(anonymous_35)
FN:232,mapStateToProps
FN:242,mapDispatchToProps
FNF:17
FNH:15
FNDA:9,TabbedSqlEditors
FNDA:3,componentDidMount
FNDA:0,(anonymous_14)
FNDA:1,componentWillReceiveProps
FNDA:1,(anonymous_17)
FNDA:3,popNewTab
FNDA:1,renameTab
FNDA:13,activeQueryEditor
FNDA:2,newQueryEditor
FNDA:2,handleSelect
FNDA:1,removeQueryEditor
FNDA:0,toggleLeftBar
FNDA:11,render
FNDA:11,(anonymous_34)
FNDA:1,(anonymous_35)
FNDA:9,mapStateToProps
FNDA:9,mapDispatchToProps
DA:1,1
DA:2,1
DA:3,1
DA:4,1
DA:5,1
DA:6,1
DA:8,1
DA:9,1
DA:10,1
DA:11,1
DA:13,1
DA:23,1
DA:27,1
DA:29,1
DA:30,1
DA:31,9
DA:32,9
DA:33,9
DA:40,1
DA:41,3
DA:42,3
DA:43,3
DA:44,1
DA:45,2
DA:46,1
DA:47,1
DA:48,1
DA:49,1
DA:50,1
DA:52,0
DA:53,0
DA:54,0
DA:55,0
DA:56,0
DA:57,0
DA:62,1
DA:69,1
DA:71,3
DA:74,1
DA:75,1
DA:76,1
DA:77,1
DA:78,1
DA:79,1
DA:82,1
DA:83,1
DA:86,1
DA:87,1
DA:88,1
DA:89,1
DA:90,1
DA:93,1
DA:94,1
DA:97,1
DA:100,3
DA:102,1
DA:104,1
DA:105,1
DA:106,1
DA:109,1
DA:110,13
DA:111,13
DA:112,13
DA:113,13
DA:114,13
DA:117,0
DA:119,1
DA:121,2
DA:122,2
DA:131,2
DA:133,1
DA:134,2
DA:135,1
DA:137,1
DA:140,1
DA:141,1
DA:143,1
DA:144,0
DA:146,1
DA:147,11
DA:148,11
DA:150,11
DA:151,11
DA:152,1
DA:154,11
DA:155,11
DA:156,1
DA:158,11
DA:160,11
DA:186,11
DA:196,1
DA:211,11
DA:229,1
DA:230,1
DA:232,1
DA:233,9
DA:242,1
DA:243,9
DA:248,1
DA:249,1
LF:100
LH:92
BRDA:31,20,0,9
BRDA:31,20,1,0
BRDA:42,21,0,3
BRDA:42,21,1,0
BRDA:42,22,0,3
BRDA:42,22,1,2
BRDA:42,22,2,1
BRDA:43,23,0,1
BRDA:43,23,1,2
BRDA:45,24,0,1
BRDA:45,24,1,1
BRDA:47,25,0,1
BRDA:47,25,1,0
BRDA:49,26,0,1
BRDA:49,26,1,0
BRDA:54,27,0,0
BRDA:54,27,1,0
BRDA:56,28,0,0
BRDA:56,28,1,0
BRDA:78,29,0,1
BRDA:78,29,1,0
BRDA:82,30,0,1
BRDA:82,30,1,0
BRDA:89,31,0,1
BRDA:89,31,1,0
BRDA:89,32,0,1
BRDA:89,32,1,1
BRDA:89,32,2,1
BRDA:93,33,0,1
BRDA:93,33,1,0
BRDA:105,34,0,1
BRDA:105,34,1,0
BRDA:113,35,0,13
BRDA:113,35,1,0
BRDA:125,36,0,0
BRDA:125,36,1,2
BRDA:124,37,0,2
BRDA:124,37,1,2
BRDA:127,38,0,2
BRDA:127,38,1,0
BRDA:134,39,0,1
BRDA:134,39,1,1
BRDA:151,40,0,1
BRDA:151,40,1,10
BRDA:155,41,0,1
BRDA:155,41,1,10
BRDA:158,42,0,1
BRDA:158,42,1,10
BRDA:175,43,0,11
BRDA:175,43,1,11
BRDA:180,44,0,1
BRDA:180,44,1,10
BRDA:194,45,0,11
BRDA:194,45,1,11
BRF:54
BRH:38
end_of_record
TN:
SF:/Users/maxime_beauchemin/code/caravel/superset/assets/javascripts/SqlLab/components/SqlEditor.jsx
FN:48,SqlEditor
FN:56,componentDidMount
FN:59,onMount
FN:66,onSizeChange
FN:73,setQueryEditorSql
FN:76,runQuery
FN:83,startQuery
FN:98,stopQuery
FN:101,createTableAs
FN:104,ctasChanged
FN:107,sqlEditorHeight
FN:115,render
FNF:12
FNH:6
FNDA:5,SqlEditor
FNDA:3,componentDidMount
FNDA:3,onMount
FNDA:3,onSizeChange
FNDA:0,setQueryEditorSql
FNDA:0,runQuery
FNDA:0,startQuery
FNDA:0,stopQuery
FNDA:0,createTableAs
FNDA:0,ctasChanged
FNDA:24,sqlEditorHeight
FNDA:8,render
DA:1,1
DA:2,1
DA:3,1
DA:16,1
DA:18,1
DA:19,1
DA:20,1
DA:21,1
DA:22,1
DA:23,1
DA:24,1
DA:25,1
DA:28,1
DA:40,1
DA:47,1
DA:48,1
DA:49,5
DA:50,5
DA:54,5
DA:56,1
DA:57,3
DA:59,1
DA:60,3
DA:61,0
DA:62,0
DA:63,0
DA:66,1
DA:67,3
DA:68,3
DA:73,1
DA:74,0
DA:76,1
DA:77,0
DA:78,0
DA:79,0
DA:81,0
DA:83,1
DA:84,0
DA:85,0
DA:95,0
DA:96,0
DA:98,1
DA:99,0
DA:101,1
DA:102,0
DA:104,1
DA:105,0
DA:107,1
DA:109,24
DA:110,24
DA:111,24
DA:112,24
DA:115,1
DA:116,8
DA:117,8
DA:118,8
DA:119,0
DA:127,0
DA:132,8
DA:133,8
DA:134,0
DA:136,0
DA:159,8
DA:195,8
DA:260,1
DA:261,1
DA:263,1
LF:67
LH:48
BRDA:49,16,0,5
BRDA:49,16,1,0
BRDA:60,17,0,0
BRDA:60,17,1,3
BRDA:76,18,0,0
BRDA:76,18,1,0
BRDA:76,19,0,0
BRDA:76,19,1,0
BRDA:78,20,0,0
BRDA:78,20,1,0
BRDA:83,21,0,0
BRDA:83,21,1,0
BRDA:83,22,0,0
BRDA:83,22,1,0
BRDA:83,23,0,0
BRDA:83,23,1,0
BRDA:83,24,0,0
BRDA:83,24,1,0
BRDA:87,25,0,0
BRDA:87,25,1,0
BRDA:91,26,0,0
BRDA:91,26,1,0
BRDA:118,27,0,0
BRDA:118,27,1,8
BRDA:118,28,0,8
BRDA:118,28,1,2
BRDA:133,29,0,0
BRDA:133,29,1,8
BRDA:133,30,0,8
BRDA:133,30,1,2
BRDA:164,31,0,2
BRDA:164,31,1,6
BRDA:166,32,0,8
BRDA:166,32,1,2
BRDA:183,33,0,8
BRDA:183,33,1,2
BRDA:221,34,0,0
BRDA:221,34,1,8
BRDA:222,35,0,0
BRDA:222,35,1,8
BRDA:223,36,0,0
BRDA:223,36,1,8
BRDA:224,37,0,0
BRDA:224,37,1,8
BRF:44
BRH:18
end_of_record
TN:
SF:/Users/maxime_beauchemin/code/caravel/superset/assets/javascripts/SqlLab/components/AceEditorWrapper.jsx
FN:24,(anonymous_8)
FN:39,onBlur
FN:40,onAltEnter
FN:45,AceEditorWrapper
FN:52,componentDidMount
FN:57,componentWillReceiveProps
FN:65,onBlur
FN:68,onAltEnter
FN:72,onEditorLoad
FN:76,exec
FN:81,(anonymous_27)
FN:91,getCompletions
FN:94,setAutoCompleter
FN:99,(anonymous_32)
FN:102,(anonymous_33)
FN:106,(anonymous_34)
FN:110,(anonymous_35)
FN:119,textChange
FN:122,render
FNF:19
FNH:8
FNDA:62,(anonymous_8)
FNDA:0,onBlur
FNDA:0,onAltEnter
FNDA:3,AceEditorWrapper
FNDA:3,componentDidMount
FNDA:3,componentWillReceiveProps
FNDA:0,onBlur
FNDA:0,onAltEnter
FNDA:3,onEditorLoad
FNDA:0,exec
FNDA:0,(anonymous_27)
FNDA:0,getCompletions
FNDA:3,setAutoCompleter
FNDA:0,(anonymous_32)
FNDA:0,(anonymous_33)
FNDA:0,(anonymous_34)
FNDA:3,(anonymous_35)
FNDA:0,textChange
FNDA:6,render
DA:1,1
DA:2,1
DA:3,1
DA:4,1
DA:5,1
DA:6,1
DA:7,1
DA:8,1
DA:10,1
DA:12,1
DA:18,1
DA:23,1
DA:24,62
DA:28,1
DA:38,1
DA:39,1
DA:40,1
DA:44,1
DA:45,1
DA:46,3
DA:47,3
DA:52,1
DA:54,3
DA:55,3
DA:57,1
DA:58,3
DA:59,0
DA:61,3
DA:62,0
DA:65,1
DA:66,0
DA:68,1
DA:69,0
DA:70,0
DA:72,1
DA:73,3
DA:76,1
DA:77,0
DA:80,3
DA:81,3
DA:82,0
DA:84,0
DA:85,0
DA:86,0
DA:91,1
DA:92,0
DA:94,1
DA:96,3
DA:97,3
DA:98,3
DA:99,3
DA:100,0
DA:101,0
DA:102,0
DA:103,0
DA:106,3
DA:107,0
DA:110,3
DA:111,3
DA:114,3
DA:115,3
DA:119,1
DA:120,0
DA:122,1
DA:123,6
DA:125,6
DA:141,1
DA:142,1
DA:144,1
LF:69
LH:52
BRDA:46,16,0,3
BRDA:46,16,1,0
BRDA:58,17,0,0
BRDA:58,17,1,3
BRDA:61,18,0,0
BRDA:61,18,1,3
BRDA:84,19,0,0
BRDA:84,19,1,0
BRDA:84,20,0,0
BRDA:84,20,1,0
BRDA:98,21,0,3
BRDA:98,21,1,0
BRDA:101,22,0,0
BRDA:101,22,1,0
BRDA:114,23,0,3
BRDA:114,23,1,0
BRF:16
BRH:5
end_of_record
TN:
SF:/Users/maxime_beauchemin/code/caravel/superset/assets/javascripts/reduxUtils.js
FN:5,addToObject
FN:16,alterInObject
FN:22,alterInArr
FN:27,(anonymous_7)
FN:37,removeFromArr
FN:39,(anonymous_9)
FN:47,getFromArr
FN:49,(anonymous_11)
FN:57,addToArr
FN:67,initEnhancer
FN:78,areArraysShallowEqual
FN:98,areObjectsEqual
FNF:12
FNH:8
FNDA:3,addToObject
FNDA:1,alterInObject
FNDA:13,alterInArr
FNDA:20,(anonymous_7)
FNDA:3,removeFromArr
FNDA:4,(anonymous_9)
FNDA:0,getFromArr
FNDA:0,(anonymous_11)
FNDA:16,addToArr
FNDA:0,initEnhancer
FNDA:5,areArraysShallowEqual
FNDA:0,areObjectsEqual
DA:1,1
DA:2,1
DA:3,1
DA:5,1
DA:6,3
DA:7,3
DA:9,3
DA:10,0
DA:12,3
DA:13,3
DA:16,1
DA:17,1
DA:18,1
DA:19,1
DA:22,1
DA:25,13
DA:26,13
DA:27,13
DA:28,20
DA:29,10
DA:31,10
DA:34,13
DA:37,3
DA:38,3
DA:39,3
DA:40,4
DA:41,1
DA:44,3
DA:47,1
DA:48,0
DA:49,0
DA:50,0
DA:51,0
DA:54,0
DA:57,1
DA:58,16
DA:59,16
DA:60,0
DA:62,16
DA:63,16
DA:64,16
DA:67,1
DA:68,0
DA:69,0
DA:71,0
DA:73,0
DA:75,0
DA:78,1
DA:83,5
DA:84,0
DA:86,5
DA:87,2
DA:89,3
DA:90,3
DA:91,0
DA:92,0
DA:95,3
DA:98,1
DA:99,0
DA:100,0
DA:102,0
DA:103,0
DA:105,0
DA:106,0
DA:107,0
DA:109,0
DA:110,0
DA:113,0
LF:68
LH:43
BRDA:9,5,0,0
BRDA:9,5,1,3
BRDA:28,6,0,10
BRDA:28,6,1,10
BRDA:37,7,0,0
BRDA:37,7,1,3
BRDA:37,8,0,3
BRDA:37,8,1,0
BRDA:40,9,0,1
BRDA:40,9,1,3
BRDA:50,10,0,0
BRDA:50,10,1,0
BRDA:59,11,0,0
BRDA:59,11,1,16
BRDA:67,12,0,0
BRDA:67,12,1,0
BRDA:67,13,0,0
BRDA:67,13,1,0
BRDA:68,14,0,0
BRDA:68,14,1,0
BRDA:69,15,0,0
BRDA:69,15,1,0
BRDA:71,16,0,0
BRDA:71,16,1,0
BRDA:73,17,0,0
BRDA:73,17,1,0
BRDA:83,18,0,0
BRDA:83,18,1,5
BRDA:83,19,0,5
BRDA:83,19,1,5
BRDA:86,20,0,2
BRDA:86,20,1,3
BRDA:91,21,0,0
BRDA:91,21,1,0
BRDA:99,22,0,0
BRDA:99,22,1,0
BRDA:99,23,0,0
BRDA:99,23,1,0
BRDA:102,24,0,0
BRDA:102,24,1,0
BRDA:106,25,0,0
BRDA:106,25,1,0
BRDA:109,26,0,0
BRDA:109,26,1,0
BRF:44
BRH:13
end_of_record
TN:
SF:/Users/maxime_beauchemin/code/caravel/superset/assets/javascripts/SqlLab/components/SouthPane.jsx
FN:29,SouthPane
FN:35,getInnerTabHeight
FN:60,switchTab
FN:63,render
FN:75,(anonymous_17)
FN:99,(anonymous_18)
FN:108,(anonymous_19)
FN:161,mapStateToProps
FN:167,mapDispatchToProps
FNF:9
FNH:5
FNDA:3,SouthPane
FNDA:3,getInnerTabHeight
FNDA:0,switchTab
FNDA:3,render
FNDA:0,(anonymous_17)
FNDA:0,(anonymous_18)
FNDA:0,(anonymous_19)
FNDA:3,mapStateToProps
FNDA:3,mapDispatchToProps
DA:1,1
DA:2,1
DA:3,1
DA:4,1
DA:5,1
DA:6,1
DA:7,1
DA:9,1
DA:10,1
DA:11,1
DA:17,1
DA:24,1
DA:28,1
DA:29,1
DA:30,3
DA:31,3
DA:35,1
DA:40,3
DA:43,3
DA:46,3
DA:49,3
DA:51,3
DA:57,3
DA:60,1
DA:61,0
DA:63,1
DA:64,3
DA:65,3
DA:66,3
DA:67,0
DA:69,3
DA:70,3
DA:72,0
DA:75,0
DA:80,0
DA:82,0
DA:91,0
DA:96,3
DA:99,3
DA:100,0
DA:108,0
DA:113,0
DA:115,0
DA:125,0
DA:132,3
DA:161,1
DA:162,3
DA:167,1
DA:168,3
DA:173,1
DA:174,1
DA:176,1
LF:52
LH:40
BRDA:30,20,0,3
BRDA:30,20,1,0
BRDA:66,21,0,0
BRDA:66,21,1,3
BRDA:70,22,0,0
BRDA:70,22,1,3
BRDA:80,23,0,0
BRDA:80,23,1,0
BRDA:113,24,0,0
BRDA:113,24,1,0
BRF:10
BRH:3
end_of_record
TN:
SF:/Users/maxime_beauchemin/code/caravel/superset/assets/javascripts/SqlLab/components/QueryHistory.jsx
FN:12,QueryHistory
FNF:1
FNH:1
FNDA:6,QueryHistory
DA:1,1
DA:2,1
DA:3,1
DA:5,1
DA:7,1
DA:12,1
DA:13,6
DA:15,0
DA:26,6
DA:31,1
DA:33,1
LF:11
LH:10
BRDA:13,3,0,0
BRDA:13,3,1,6
BRF:2
BRH:1
end_of_record
TN:
SF:/Users/maxime_beauchemin/code/caravel/superset/assets/javascripts/SqlLab/components/QueryTable.jsx
FN:26,onUserClicked
FN:27,onDbClicked
FN:32,QueryTable
FN:42,callback
FN:45,openQuery
FN:54,hideVisualizeModal
FN:57,showVisualizeModal
FN:60,restoreSql
FN:64,openQueryInNewTab
FN:67,openAsyncResults
FN:70,clearQueryResults
FN:73,removeQuery
FN:76,render
FN:77,(anonymous_34)
FN:147,(anonymous_35)
FNF:15
FNH:4
FNDA:0,onUserClicked
FNDA:0,onDbClicked
FNDA:1,QueryTable
FNDA:0,callback
FNDA:0,openQuery
FNDA:0,hideVisualizeModal
FNDA:0,showVisualizeModal
FNDA:0,restoreSql
FNDA:0,openQueryInNewTab
FNDA:0,openAsyncResults
FNDA:0,clearQueryResults
FNDA:0,removeQuery
FNDA:1,render
FNDA:2,(anonymous_34)
FNDA:2,(anonymous_35)
DA:1,1
DA:2,1
DA:4,1
DA:5,1
DA:6,1
DA:7,1
DA:8,1
DA:9,1
DA:10,1
DA:11,1
DA:12,1
DA:13,1
DA:14,1
DA:16,1
DA:23,1
DA:26,1
DA:27,1
DA:31,1
DA:32,1
DA:33,1
DA:34,1
DA:35,1
DA:36,1
DA:42,1
DA:43,0
DA:45,1
DA:46,0
DA:52,0
DA:54,1
DA:55,0
DA:57,1
DA:58,0
DA:60,1
DA:61,0
DA:64,1
DA:65,0
DA:67,1
DA:68,0
DA:70,1
DA:71,0
DA:73,1
DA:74,0
DA:76,1
DA:77,1
DA:78,2
DA:79,2
DA:80,2
DA:82,2
DA:83,2
DA:90,2
DA:98,2
DA:106,2
DA:107,2
DA:117,2
DA:122,2
DA:123,1
DA:146,1
DA:147,2
DA:149,2
DA:157,2
DA:158,2
DA:160,0
DA:165,2
DA:171,2
DA:197,2
DA:200,1
DA:216,1
DA:217,1
DA:219,1
LF:69
LH:58
BRDA:33,16,0,1
BRDA:33,16,1,0
BRDA:79,17,0,2
BRDA:79,17,1,0
BRDA:122,18,0,1
BRDA:122,18,1,1
BRDA:146,19,0,0
BRDA:146,19,1,1
BRDA:146,20,0,1
BRDA:146,20,1,0
BRDA:146,20,2,0
BRDA:158,21,0,0
BRDA:158,21,1,2
BRF:13
BRH:7
end_of_record
TN:
SF:/Users/maxime_beauchemin/code/caravel/superset/assets/javascripts/SqlLab/components/Link.jsx
FN:17,onClick
FN:25,render
FNF:2
FNH:1
FNDA:0,onClick
FNDA:17,render
DA:1,1
DA:2,1
DA:3,1
DA:5,1
DA:14,1
DA:17,1
DA:24,1
DA:25,1
DA:26,17
DA:31,17
DA:41,17
DA:43,17
DA:53,0
DA:56,1
DA:57,1
DA:59,1
LF:16
LH:15
BRDA:41,17,0,17
BRDA:41,17,1,0
BRF:2
BRH:1
end_of_record
TN:
SF:/Users/maxime_beauchemin/code/caravel/superset/assets/javascripts/SqlLab/components/VisualizeModal.jsx
FN:1,_inherits
FN:18,(anonymous_10)
FN:19,(anonymous_11)
FN:40,onHide
FN:44,VisualizeModal
FN:53,componentDidMount
FN:56,getColumnFromProps
FN:65,(anonymous_20)
FN:70,datasourceName
FN:81,validate
FN:85,(anonymous_25)
FN:111,changeChartType
FN:114,mergedColumns
FN:117,(anonymous_30)
FN:125,buildVizOptions
FN:134,buildVisualizeAdvise
FN:151,visualize
FN:153,(anonymous_37)
FN:154,(anonymous_38)
FN:155,(anonymous_39)
FN:169,(anonymous_40)
FN:173,changeDatasourceName
FN:176,changeCheckbox
FN:182,changeAggFunction
FN:189,render
FN:201,(anonymous_49)
FN:233,(anonymous_50)
FN:291,mapStateToProps
FN:299,mapDispatchToProps
FNF:29
FNH:27
FNDA:1,_inherits
FNDA:33,(anonymous_10)
FNDA:4,(anonymous_11)
FNDA:0,onHide
FNDA:13,VisualizeModal
FNDA:0,componentDidMount
FNDA:13,getColumnFromProps
FNDA:24,(anonymous_20)
FNDA:15,datasourceName
FNDA:9,validate
FNDA:17,(anonymous_25)
FNDA:1,changeChartType
FNDA:4,mergedColumns
FNDA:8,(anonymous_30)
FNDA:1,buildVizOptions
FNDA:38,buildVisualizeAdvise
FNDA:3,visualize
FNDA:1,(anonymous_37)
FNDA:2,(anonymous_38)
FNDA:2,(anonymous_39)
FNDA:1,(anonymous_40)
FNDA:1,changeDatasourceName
FNDA:1,changeCheckbox
FNDA:1,changeAggFunction
FNDA:38,render
FNDA:72,(anonymous_49)
FNDA:6,(anonymous_50)
FNDA:13,mapStateToProps
FNDA:13,mapDispatchToProps
DA:1,1
DA:2,1
DA:3,1
DA:4,1
DA:5,1
DA:6,1
DA:7,1
DA:9,1
DA:10,1
DA:11,1
DA:12,1
DA:13,1
DA:14,1
DA:15,1
DA:17,1
DA:18,33
DA:20,4
DA:21,4
DA:28,1
DA:37,1
DA:40,1
DA:43,1
DA:44,1
DA:45,13
DA:46,13
DA:53,1
DA:54,0
DA:56,1
DA:57,13
DA:58,13
DA:62,1
DA:64,12
DA:65,12
DA:66,24
DA:68,12
DA:70,1
DA:71,15
DA:72,15
DA:73,15
DA:74,15
DA:75,15
DA:76,15
DA:77,15
DA:79,15
DA:81,1
DA:82,9
DA:83,9
DA:84,9
DA:85,9
DA:86,17
DA:87,1
DA:95,9
DA:96,1
DA:97,8
DA:98,4
DA:99,4
DA:100,8
DA:101,8
DA:102,3
DA:105,4
DA:106,1
DA:109,9
DA:111,1
DA:112,1
DA:114,1
DA:115,4
DA:116,4
DA:117,4
DA:118,8
DA:119,2
DA:123,4
DA:125,1
DA:126,1
DA:134,1
DA:135,38
DA:136,38
DA:137,38
DA:138,38
DA:140,2
DA:149,38
DA:151,1
DA:152,3
DA:154,2
DA:155,2
DA:156,1
DA:162,1
DA:163,1
DA:165,1
DA:167,1
DA:170,1
DA:173,1
DA:174,1
DA:176,1
DA:177,1
DA:178,1
DA:179,1
DA:180,1
DA:182,1
DA:183,1
DA:184,1
DA:185,1
DA:186,1
DA:187,1
DA:189,1
DA:190,38
DA:192,2
DA:201,72
DA:233,36
DA:234,6
DA:236,36
DA:285,36
DA:288,1
DA:289,1
DA:291,1
DA:292,13
DA:299,1
DA:300,13
DA:305,1
DA:306,1
LF:119
LH:118
BRDA:1,16,0,0
BRDA:1,16,1,1
BRDA:1,17,0,1
BRDA:1,17,1,0
BRDA:1,18,0,1
BRDA:1,18,1,1
BRDA:1,19,0,1
BRDA:1,19,1,0
BRDA:1,20,0,1
BRDA:1,20,1,0
BRDA:45,21,0,13
BRDA:45,21,1,0
BRDA:58,22,0,1
BRDA:58,22,1,12
BRDA:58,23,0,13
BRDA:58,23,1,13
BRDA:58,23,2,13
BRDA:58,23,3,12
BRDA:74,24,0,15
BRDA:74,24,1,0
BRDA:75,25,0,13
BRDA:75,25,1,2
BRDA:76,26,0,13
BRDA:76,26,1,2
BRDA:86,27,0,1
BRDA:86,27,1,16
BRDA:95,28,0,1
BRDA:95,28,1,8
BRDA:97,29,0,4
BRDA:97,29,1,4
BRDA:101,30,0,3
BRDA:101,30,1,5
BRDA:101,31,0,8
BRDA:101,31,1,8
BRDA:105,32,0,1
BRDA:105,32,1,3
BRDA:116,33,0,4
BRDA:116,33,1,0
BRDA:116,34,0,4
BRDA:116,34,1,4
BRDA:118,35,0,2
BRDA:118,35,1,6
BRDA:138,36,0,2
BRDA:138,36,1,36
BRDA:162,37,0,1
BRDA:162,37,1,0
BRDA:184,38,0,1
BRDA:184,38,1,0
BRDA:190,39,0,2
BRDA:190,39,1,36
BRDA:190,40,0,38
BRDA:190,40,1,38
BRDA:190,40,2,36
BRDA:207,41,0,68
BRDA:207,41,1,4
BRDA:216,42,0,68
BRDA:216,42,1,4
BRDA:229,43,0,68
BRDA:229,43,1,4
BRDA:252,44,0,34
BRDA:252,44,1,2
BRDA:295,45,0,13
BRDA:295,45,1,0
BRF:63
BRH:53
end_of_record
TN:
SF:/Users/maxime_beauchemin/code/caravel/superset/assets/javascripts/SqlLab/constants.js
FNF:0
FNH:0
DA:1,1
DA:10,1
DA:17,1
DA:27,1
LF:4
LH:4
BRF:0
BRH:0
end_of_record
TN:
SF:/Users/maxime_beauchemin/code/caravel/superset/assets/javascripts/SqlLab/components/ResultSet.jsx
FN:33,ResultSet
FN:41,componentDidMount
FN:45,componentWillReceiveProps
FN:60,getControls
FN:110,clearQueryResults
FN:113,popSelectStar
FN:123,showModal
FN:126,hideModal
FN:129,changeSearch
FN:132,fetchResults
FN:135,reFetchQueryResults
FN:138,reRunQueryIfSessionTimeoutErrorOnMount
FN:144,render
FN:192,(anonymous_34)
FN:227,onClick
FNF:15
FNH:7
FNDA:9,ResultSet
FNDA:0,componentDidMount
FNDA:3,componentWillReceiveProps
FNDA:10,getControls
FNDA:2,clearQueryResults
FNDA:0,popSelectStar
FNDA:0,showModal
FNDA:0,hideModal
FNDA:0,changeSearch
FNDA:1,fetchResults
FNDA:0,reFetchQueryResults
FNDA:0,reRunQueryIfSessionTimeoutErrorOnMount
FNDA:13,render
FNDA:16,(anonymous_34)
FNDA:0,onClick
DA:1,1
DA:2,1
DA:3,1
DA:4,1
DA:6,1
DA:7,1
DA:8,1
DA:9,1
DA:11,1
DA:21,1
DA:30,1
DA:32,1
DA:33,1
DA:34,9
DA:35,9
DA:41,1
DA:43,0
DA:45,1
DA:47,3
DA:50,2
DA:55,3
DA:57,1
DA:60,1
DA:61,10
DA:62,8
DA:63,8
DA:65,8
DA:70,8
DA:71,8
DA:73,8
DA:81,8
DA:82,8
DA:84,8
DA:93,8
DA:108,2
DA:110,1
DA:111,2
DA:113,1
DA:114,0
DA:121,0
DA:123,1
DA:124,0
DA:126,1
DA:127,0
DA:129,1
DA:130,0
DA:132,1
DA:133,1
DA:135,1
DA:136,0
DA:138,1
DA:139,0
DA:140,0
DA:141,0
DA:144,1
DA:145,13
DA:146,13
DA:147,13
DA:149,13
DA:150,0
DA:153,13
DA:154,1
DA:155,12
DA:156,0
DA:157,12
DA:159,0
DA:172,12
DA:173,10
DA:174,10
DA:175,10
DA:176,2
DA:177,8
DA:178,8
DA:180,10
DA:182,8
DA:192,16
DA:198,2
DA:199,1
DA:202,3
DA:204,1
DA:213,2
DA:214,2
DA:215,2
DA:217,1
DA:223,2
DA:225,0
DA:227,1
DA:234,2
DA:245,1
DA:246,1
LF:90
LH:76
BRDA:34,16,0,9
BRDA:34,16,1,0
BRDA:47,17,0,2
BRDA:47,17,1,1
BRDA:47,18,0,3
BRDA:47,18,1,3
BRDA:47,18,2,3
BRDA:47,18,3,3
BRDA:55,19,0,1
BRDA:55,19,1,2
BRDA:55,20,0,3
BRDA:55,20,1,1
BRDA:61,21,0,8
BRDA:61,21,1,2
BRDA:61,22,0,10
BRDA:61,22,1,2
BRDA:61,22,2,2
BRDA:63,23,0,8
BRDA:63,23,1,0
BRDA:71,24,0,8
BRDA:71,24,1,0
BRDA:82,25,0,8
BRDA:82,25,1,0
BRDA:140,26,0,0
BRDA:140,26,1,0
BRDA:140,27,0,0
BRDA:140,27,1,0
BRDA:146,28,0,12
BRDA:146,28,1,1
BRDA:149,29,0,0
BRDA:149,29,1,13
BRDA:153,30,0,1
BRDA:153,30,1,12
BRDA:155,31,0,0
BRDA:155,31,1,12
BRDA:157,32,0,0
BRDA:157,32,1,12
BRDA:157,33,0,12
BRDA:157,33,1,10
BRDA:172,34,0,10
BRDA:172,34,1,2
BRDA:175,35,0,2
BRDA:175,35,1,8
BRDA:175,36,0,10
BRDA:175,36,1,10
BRDA:177,37,0,8
BRDA:177,37,1,0
BRDA:177,38,0,8
BRDA:177,38,1,8
BRDA:180,39,0,8
BRDA:180,39,1,2
BRDA:180,40,0,10
BRDA:180,40,1,9
BRDA:198,41,0,1
BRDA:198,41,1,1
BRDA:198,42,0,2
BRDA:198,42,1,1
BRDA:202,43,0,1
BRDA:202,43,1,2
BRDA:215,44,0,1
BRDA:215,44,1,1
BRDA:215,45,0,2
BRDA:215,45,1,1
BRDA:223,46,0,0
BRDA:223,46,1,2
BRF:65
BRH:52
end_of_record
TN:
SF:/Users/maxime_beauchemin/code/caravel/superset/assets/javascripts/SqlLab/components/HighlightedSql.jsx
FN:22,HighlightedSql
FN:28,shrinkSql
FN:35,(anonymous_12)
FN:43,triggerNode
FN:50,generateModal
FN:74,render
FNF:6
FNH:6
FNDA:3,HighlightedSql
FNDA:3,shrinkSql
FNDA:3,(anonymous_12)
FNDA:4,triggerNode
FNDA:1,generateModal
FNDA:4,render
DA:1,1
DA:2,1
DA:3,1
DA:4,1
DA:5,1
DA:7,1
DA:13,1
DA:21,1
DA:22,1
DA:23,3
DA:24,3
DA:28,1
DA:29,3
DA:30,3
DA:31,3
DA:32,0
DA:33,0
DA:35,3
DA:36,3
DA:37,3
DA:39,0
DA:43,1
DA:44,4
DA:46,4
DA:50,1
DA:51,1
DA:52,1
DA:54,1
DA:62,1
DA:74,1
DA:76,4
DA:85,1
DA:86,1
DA:88,1
LF:34
LH:31
BRDA:23,16,0,3
BRDA:23,16,1,0
BRDA:29,17,0,3
BRDA:29,17,1,0
BRDA:31,18,0,0
BRDA:31,18,1,3
BRDA:36,19,0,3
BRDA:36,19,1,0
BRDA:44,20,0,3
BRDA:44,20,1,1
BRDA:52,21,0,1
BRDA:52,21,1,0
BRDA:52,22,0,1
BRDA:52,22,1,1
BRF:14
BRH:9
end_of_record
TN:
SF:/Users/maxime_beauchemin/code/caravel/superset/assets/javascripts/SqlLab/components/QueryStateLabel.jsx
FN:11,QueryStateLabel
FNF:1
FNH:1
FNDA:1,QueryStateLabel
DA:1,1
DA:2,1
DA:3,1
DA:5,1
DA:7,1
DA:11,1
DA:12,1
DA:14,1
DA:19,1
LF:9
LH:9
BRF:0
BRH:0
end_of_record
TN:
SF:/Users/maxime_beauchemin/code/caravel/superset/assets/javascripts/SqlLab/components/SplitPane.jsx
FN:15,SplitPane
FN:27,componentDidMount
FN:35,componentWillUnmount
FN:41,setSize
FN:55,initSize
FN:70,handleMouseMove
FN:99,handleDraggingStart
FN:103,handleResize
FN:109,(anonymous_24)
FN:114,handleMouseUp
FN:120,render
FNF:11
FNH:7
FNDA:9,SplitPane
FNDA:4,componentDidMount
FNDA:0,componentWillUnmount
FNDA:4,setSize
FNDA:4,initSize
FNDA:0,handleMouseMove
FNDA:2,handleDraggingStart
FNDA:0,handleResize
[...]
DA:26,0
DA:28,0
DA:31,0
DA:36,0
DA:37,0
DA:38,0
DA:39,0
DA:40,0
DA:41,0
DA:46,0
DA:47,0
DA:48,0
DA:49,0
DA:50,0
DA:52,0
DA:54,0
DA:55,0
DA:59,0
DA:60,0
DA:61,0
DA:62,0
DA:63,0
DA:64,0
DA:65,0
DA:66,0
DA:73,0
DA:74,0
DA:76,0
DA:77,0
DA:81,0
DA:83,0
DA:84,0
DA:86,0
DA:87,0
DA:88,0
DA:89,0
DA:90,0
DA:92,0
DA:93,0
DA:96,0
DA:98,0
DA:100,0
DA:103,0
DA:104,0
DA:105,0
DA:107,0
DA:110,0
DA:111,0
DA:112,0
DA:115,0
DA:116,0
DA:118,0
DA:119,0
DA:120,0
DA:122,0
DA:123,0
DA:124,0
DA:126,0
DA:127,0
DA:128,0
DA:129,0
DA:130,0
DA:133,0
DA:136,0
DA:139,0
DA:141,0
DA:142,0
DA:143,0
DA:144,0
DA:145,0
DA:146,0
DA:147,0
DA:148,0
DA:149,0
DA:150,0
DA:155,0
DA:156,0
DA:158,0
DA:159,0
DA:161,0
DA:165,0
DA:166,0
DA:167,0
DA:171,0
DA:172,0
DA:173,0
DA:174,0
DA:175,0
DA:176,0
DA:178,0
DA:179,0
DA:181,0
DA:182,0
DA:184,0
DA:185,0
DA:186,0
DA:187,0
DA:188,0
DA:189,0
DA:191,0
DA:192,0
DA:194,0
DA:195,0
DA:196,0
DA:197,0
DA:198,0
DA:199,0
DA:200,0
DA:204,0
DA:205,0
DA:206,0
DA:208,0
DA:210,0
DA:211,0
DA:212,0
DA:213,0
DA:216,0
DA:217,0
DA:218,0
DA:219,0
DA:221,0
DA:224,0
DA:225,0
DA:229,0
DA:230,0
DA:232,0
DA:233,0
DA:235,0
DA:236,0
DA:238,0
DA:239,0
DA:241,0
DA:242,0
DA:244,0
DA:245,0
DA:248,0
DA:251,0
DA:257,0
LF:156
LH:0
BRDA:19,3,0,0
BRDA:19,3,1,0
BRDA:25,4,0,0
BRDA:25,4,1,0
BRDA:40,5,0,0
BRDA:40,5,1,0
BRDA:49,6,0,0
BRDA:49,6,1,0
BRDA:86,7,0,0
BRDA:86,7,1,0
BRDA:86,8,0,0
BRDA:86,8,1,0
BRDA:89,9,0,0
BRDA:89,9,1,0
BRDA:93,10,0,0
BRDA:93,10,1,0
BRDA:104,11,0,0
BRDA:104,11,1,0
BRDA:111,12,0,0
BRDA:111,12,1,0
BRDA:111,13,0,0
BRDA:111,13,1,0
BRDA:128,14,0,0
BRDA:128,14,1,0
BRDA:130,15,0,0
BRDA:130,15,1,0
BRDA:149,16,0,0
BRDA:149,16,1,0
BRDA:155,17,0,0
BRDA:155,17,1,0
BRDA:158,18,0,0
BRDA:158,18,1,0
BRDA:159,19,0,0
BRDA:159,19,1,0
BRDA:166,20,0,0
BRDA:166,20,1,0
BRDA:188,21,0,0
BRDA:188,21,1,0
BRDA:205,22,0,0
BRDA:205,22,1,0
BRDA:232,23,0,0
BRDA:232,23,1,0
BRDA:232,24,0,0
BRDA:232,24,1,0
BRDA:232,25,0,0
BRDA:232,25,1,0
BRDA:232,26,0,0
BRDA:232,26,1,0
BRDA:235,27,0,0
BRDA:235,27,1,0
BRDA:235,28,0,0
BRDA:235,28,1,0
BRF:52
BRH:0
end_of_record
TN:
SF:/Users/maxime_beauchemin/code/caravel/superset/assets/javascripts/syncBackend.js
FN:6,exportFile
FN:7,(anonymous_3)
FN:16,main
FNF:3
FNH:0
FNDA:0,exportFile
FNDA:0,(anonymous_3)
FNDA:0,main
DA:2,0
DA:3,0
DA:4,0
DA:6,0
DA:7,0
DA:8,0
DA:9,0
DA:11,0
DA:16,0
DA:17,0
DA:18,0
DA:19,0
DA:20,0
DA:22,0
DA:23,0
DA:25,0
LF:16
LH:0
BRDA:8,3,0,0
BRDA:8,3,1,0
BRDA:19,4,0,0
BRDA:19,4,1,0
BRF:4
BRH:0
end_of_record
TN:
SF:/Users/maxime_beauchemin/code/caravel/superset/assets/javascripts/theme.js
FNF:0
FNH:0
DA:1,0
DA:2,0
DA:3,0
LF:3
LH:0
BRF:0
BRH:0
end_of_record
TN:
SF:/Users/maxime_beauchemin/code/caravel/superset/assets/javascripts/welcome.js
FN:14,modelViewTable
FN:19,(anonymous_3)
FN:21,(anonymous_4)
FN:22,(anonymous_5)
FN:27,(anonymous_6)
FN:56,(anonymous_7)
FNF:6
FNH:0
FNDA:0,modelViewTable
FNDA:0,(anonymous_3)
FNDA:0,(anonymous_4)
FNDA:0,(anonymous_5)
FNDA:0,(anonymous_6)
FNDA:0,(anonymous_7)
DA:2,0
DA:3,0
DA:4,0
DA:6,0
DA:7,0
DA:9,0
DA:10,0
DA:12,0
DA:14,0
DA:16,0
DA:17,0
DA:18,0
DA:19,0
DA:20,0
DA:21,0
DA:22,0
DA:23,0
DA:25,0
DA:27,0
DA:28,0
DA:30,0
DA:31,0
DA:32,0
DA:43,0
DA:44,0
DA:45,0
DA:46,0
DA:48,0
DA:49,0
DA:50,0
DA:51,0
DA:52,0
DA:53,0
DA:56,0
DA:57,0
LF:35
LH:0
BRF:0
BRH:0
end_of_record
TN:
SF:/Users/maxime_beauchemin/code/caravel/superset/assets/javascripts/addSlice/index.jsx
FNF:0
FNH:0
DA:1,0
DA:2,0
DA:3,0
DA:4,0
DA:6,0
DA:8,0
DA:9,0
DA:11,0
LF:8
LH:0
BRF:0
BRH:0
end_of_record
TN:
SF:/Users/maxime_beauchemin/code/caravel/superset/assets/javascripts/components/FaveStar.jsx
FN:13,componentDidMount
FN:17,onClick
FN:22,render
FNF:3
FNH:0
FNDA:0,componentDidMount
FNDA:0,onClick
FNDA:0,render
DA:1,0
DA:2,0
DA:3,0
DA:4,0
DA:6,0
DA:12,0
DA:13,0
DA:14,0
DA:17,0
DA:18,0
DA:19,0
DA:22,0
DA:23,0
DA:29,0
DA:45,0
LF:15
LH:0
BRF:0
BRH:0
end_of_record
TN:
SF:/Users/maxime_beauchemin/code/caravel/superset/assets/javascripts/dashboard/components/Controls.jsx
FN:19,Controls
FN:26,componentWillMount
FN:27,(anonymous_12)
FN:28,(anonymous_13)
FN:36,refresh
FN:37,(anonymous_16)
FN:41,changeCss
FN:45,render
FN:84,onClick
FN:90,onClick
FNF:10
FNH:0
FNDA:0,Controls
FNDA:0,componentWillMount
FNDA:0,(anonymous_12)
FNDA:0,(anonymous_13)
FNDA:0,refresh
FNDA:0,(anonymous_16)
FNDA:0,changeCss
FNDA:0,render
FNDA:0,onClick
FNDA:0,onClick
DA:1,0
DA:2,0
DA:3,0
DA:5,0
DA:6,0
DA:7,0
DA:8,0
DA:9,0
DA:10,0
DA:12,0
DA:14,0
DA:18,0
DA:19,0
DA:20,0
DA:21,0
DA:26,0
DA:27,0
DA:28,0
DA:33,0
DA:36,0
DA:37,0
DA:38,0
DA:41,0
DA:42,0
DA:43,0
DA:45,0
DA:46,0
DA:47,0
DA:48,0
DA:51,0
DA:65,0
DA:84,0
DA:90,0
DA:91,0
DA:110,0
DA:112,0
LF:36
LH:0
BRDA:20,16,0,0
BRDA:20,16,1,0
BRDA:22,17,0,0
BRDA:22,17,1,0
BRF:4
BRH:0
end_of_record
TN:
SF:/Users/maxime_beauchemin/code/caravel/superset/assets/javascripts/dashboard/components/GridLayout.jsx
FN:18,componentWillMount
FN:21,(anonymous_12)
FN:49,onResizeStop
FN:52,(anonymous_15)
FN:57,onDragStop
FN:62,removeSlice
FN:65,(anonymous_20)
FN:68,(anonymous_21)
FN:75,serialize
FN:76,(anonymous_24)
FN:85,render
FN:99,(anonymous_27)
FNF:12
FNH:0
FNDA:0,componentWillMount
FNDA:0,(anonymous_12)
FNDA:0,onResizeStop
FNDA:0,(anonymous_15)
FNDA:0,onDragStop
FNDA:0,removeSlice
FNDA:0,(anonymous_20)
FNDA:0,(anonymous_21)
FNDA:0,serialize
FNDA:0,(anonymous_24)
FNDA:0,render
FNDA:0,(anonymous_27)
DA:1,0
DA:2,0
DA:3,0
DA:4,0
DA:6,0
DA:8,0
DA:9,0
DA:11,0
DA:13,0
DA:17,0
DA:18,0
DA:19,0
DA:21,0
DA:22,0
DA:23,0
DA:24,0
DA:25,0
DA:33,0
DA:43,0
DA:49,0
DA:50,0
DA:51,0
DA:52,0
DA:54,0
DA:57,0
DA:58,0
DA:59,0
DA:62,0
DA:63,0
DA:64,0
DA:66,0
DA:69,0
DA:72,0
DA:75,0
DA:76,0
DA:85,0
DA:87,0
DA:100,0
DA:118,0
DA:120,0
LF:40
LH:0
BRDA:24,17,0,0
BRDA:24,17,1,0
BRDA:51,18,0,0
BRDA:51,18,1,0
BRDA:51,19,0,0
BRDA:51,19,1,0
BRF:6
BRH:0
end_of_record
TN:
SF:/Users/maxime_beauchemin/code/caravel/superset/assets/javascripts/dashboard/components/Header.jsx
FN:14,Header
FN:20,handleSaveTitle
FN:23,render
FNF:3
FNH:0
FNDA:0,Header
FNDA:0,handleSaveTitle
FNDA:0,render
DA:1,0
DA:2,0
DA:4,0
DA:5,0
DA:7,0
DA:10,0
DA:13,0
DA:14,0
DA:15,0
DA:16,0
DA:18,0
DA:20,0
DA:21,0
DA:23,0
DA:24,0
DA:26,0
DA:47,0
DA:48,0
DA:50,0
LF:19
LH:0
BRDA:15,16,0,0
BRDA:15,16,1,0
BRDA:38,17,0,0
BRDA:38,17,1,0
BRF:4
BRH:0
end_of_record
TN:
SF:/Users/maxime_beauchemin/code/caravel/superset/assets/javascripts/dashboard/components/SaveModal.jsx
FN:1,_inherits
FN:17,SaveModal
FN:30,handleSaveTypeChange
FN:35,handleNameChange
FN:41,saveDashboardRequest
FN:51,success
FN:60,error
FN:67,saveDashboard
FN:70,(anonymous_22)
FN:103,render
FN:106,ref
FN:137,onClick
FNF:12
FNH:0
FNDA:0,_inherits
FNDA:0,SaveModal
FNDA:0,handleSaveTypeChange
FNDA:0,handleNameChange
FNDA:0,saveDashboardRequest
FNDA:0,success
FNDA:0,error
FNDA:0,saveDashboard
FNDA:0,(anonymous_22)
FNDA:0,render
FNDA:0,ref
FNDA:0,onClick
DA:1,0
DA:2,0
DA:3,0
DA:4,0
DA:5,0
DA:6,0
DA:8,0
DA:10,0
DA:16,0
DA:17,0
DA:18,0
DA:19,0
DA:25,0
DA:26,0
DA:27,0
DA:28,0
DA:30,0
DA:31,0
DA:35,0
DA:36,0
DA:41,0
DA:42,0
DA:43,0
DA:44,0
DA:45,0
DA:51,0
DA:52,0
DA:53,0
DA:54,0
DA:55,0
DA:57,0
DA:60,0
DA:61,0
DA:62,0
DA:63,0
DA:67,0
DA:68,0
DA:69,0
DA:70,0
DA:71,0
DA:72,0
DA:73,0
DA:74,0
DA:77,0
DA:78,0
DA:85,0
DA:86,0
DA:87,0
DA:88,0
DA:89,0
DA:90,0
DA:91,0
DA:92,0
DA:97,0
DA:98,0
DA:99,0
DA:103,0
DA:105,0
DA:106,0
DA:137,0
DA:147,0
DA:149,0
LF:62
LH:0
BRDA:1,11,0,0
BRDA:1,11,1,0
BRDA:1,12,0,0
BRDA:1,12,1,0
BRDA:1,13,0,0
BRDA:1,13,1,0
BRDA:1,14,0,0
BRDA:1,14,1,0
BRDA:1,15,0,0
BRDA:1,15,1,0
BRDA:18,16,0,0
BRDA:18,16,1,0
BRDA:54,17,0,0
BRDA:54,17,1,0
BRDA:73,18,0,0
BRDA:73,18,1,0
BRDA:86,19,0,0
BRDA:86,19,1,0
BRDA:89,20,0,0
BRDA:89,20,1,0
BRDA:90,21,0,0
BRDA:90,21,1,0
BRF:22
BRH:0
end_of_record
TN:
SF:/Users/maxime_beauchemin/code/caravel/superset/assets/javascripts/dashboard/components/SliceAdder.jsx
FN:16,SliceAdder
FN:40,componentDidMount
FN:45,success
FN:47,(anonymous_14)
FN:60,error
FN:69,componentWillUnmount
FN:73,addSlices
FN:77,toggleSlice
FN:83,modifiedDateComparator
FN:101,render
FN:105,(anonymous_27)
FNF:11
FNH:0
FNDA:0,SliceAdder
FNDA:0,componentDidMount
FNDA:0,success
FNDA:0,(anonymous_14)
FNDA:0,error
FNDA:0,componentWillUnmount
FNDA:0,addSlices
FNDA:0,toggleSlice
FNDA:0,modifiedDateComparator
FNDA:0,render
FNDA:0,(anonymous_27)
DA:1,0
DA:2,0
DA:3,0
DA:4,0
DA:6,0
DA:8,0
DA:10,0
DA:15,0
DA:16,0
DA:17,0
DA:18,0
DA:24,0
DA:30,0
DA:31,0
DA:33,0
DA:40,0
DA:41,0
DA:42,0
DA:45,0
DA:47,0
DA:54,0
DA:60,0
DA:61,0
DA:62,0
DA:69,0
DA:70,0
DA:73,0
DA:74,0
DA:77,0
DA:78,0
DA:79,0
DA:80,0
DA:83,0
DA:84,0
DA:85,0
DA:86,0
DA:87,0
DA:88,0
DA:90,0
DA:93,0
DA:94,0
DA:95,0
DA:96,0
DA:98,0
DA:101,0
DA:102,0
DA:103,0
DA:104,0
DA:105,0
DA:106,0
DA:109,0
DA:154,0
DA:173,0
DA:185,0
DA:187,0
LF:55
LH:0
BRDA:17,16,0,0
BRDA:17,16,1,0
BRDA:84,17,0,0
BRDA:84,17,1,0
BRDA:85,18,0,0
BRDA:85,18,1,0
BRDA:87,19,0,0
BRDA:87,19,1,0
BRDA:93,20,0,0
BRDA:93,20,1,0
BRDA:95,21,0,0
BRDA:95,21,1,0
BRDA:102,22,0,0
BRDA:102,22,1,0
BRDA:103,23,0,0
BRDA:103,23,1,0
BRDA:104,24,0,0
BRDA:104,24,1,0
BRDA:113,25,0,0
BRDA:113,25,1,0
BRDA:114,26,0,0
BRDA:114,26,1,0
BRDA:116,27,0,0
BRDA:116,27,1,0
BRDA:119,28,0,0
BRDA:119,28,1,0
BRF:26
BRH:0
end_of_record
TN:
SF:/Users/maxime_beauchemin/code/caravel/superset/assets/javascripts/dashboard/Dashboard.jsx
FN:22,getInitialState
FN:32,(anonymous_3)
FN:41,unload
FN:47,onBeforeUnload
FN:55,renderAlert
FN:68,initDashboardView
FN:84,(anonymous_8)
FN:87,(anonymous_9)
FN:93,(anonymous_10)
FN:98,(anonymous_11)
FN:109,dashboardContainer
FN:114,init
FN:116,(anonymous_15)
FN:122,(anonymous_17)
FN:132,onChange
FN:136,onSave
FN:140,loadPreSelectFilters
FN:152,setFilter
FN:155,done
FN:174,effectiveExtraFilters
FN:207,addFilter
FN:229,readFilters
FN:233,updateFilterParamsInUrl
FN:240,bindResizeToWindowResize
FN:243,(anonymous_38)
FN:245,(anonymous_39)
FN:246,(anonymous_40)
FN:252,stopPeriodicRender
FN:258,startPeriodicRender
FN:263,refreshAll
FN:264,(anonymous_47)
FN:267,(anonymous_48)
FN:277,fetchAndRender
FN:280,(anonymous_51)
FN:287,refreshExcept
FN:289,(anonymous_54)
FN:294,(anonymous_56)
FN:300,clearFilters
FN:305,removeFilter
FN:309,(anonymous_62)
FN:320,getSlice
FN:334,getAjaxErrorMsg
FN:339,addSlicesToDashboard
FN:347,success
FN:351,error
FN:360,updateDashboardTitle
FN:367,(anonymous_75)
FNF:47
FNH:0
FNDA:0,getInitialState
FNDA:0,(anonymous_3)
FNDA:0,unload
FNDA:0,onBeforeUnload
FNDA:0,renderAlert
FNDA:0,initDashboardView
FNDA:0,(anonymous_8)
FNDA:0,(anonymous_9)
FNDA:0,(anonymous_10)
FNDA:0,(anonymous_11)
FNDA:0,dashboardContainer
FNDA:0,init
FNDA:0,(anonymous_15)
FNDA:0,(anonymous_17)
FNDA:0,onChange
FNDA:0,onSave
FNDA:0,loadPreSelectFilters
FNDA:0,setFilter
FNDA:0,done
FNDA:0,effectiveExtraFilters
FNDA:0,addFilter
FNDA:0,readFilters
FNDA:0,updateFilterParamsInUrl
FNDA:0,bindResizeToWindowResize
FNDA:0,(anonymous_38)
FNDA:0,(anonymous_39)
FNDA:0,(anonymous_40)
FNDA:0,stopPeriodicRender
FNDA:0,startPeriodicRender
FNDA:0,refreshAll
FNDA:0,(anonymous_47)
FNDA:0,(anonymous_48)
FNDA:0,fetchAndRender
FNDA:0,(anonymous_51)
FNDA:0,refreshExcept
FNDA:0,(anonymous_54)
FNDA:0,(anonymous_56)
FNDA:0,clearFilters
FNDA:0,removeFilter
FNDA:0,(anonymous_62)
FNDA:0,getSlice
FNDA:0,getAjaxErrorMsg
FNDA:0,addSlicesToDashboard
FNDA:0,success
FNDA:0,error
FNDA:0,updateDashboardTitle
FNDA:0,(anonymous_75)
DA:1,0
DA:2,0
DA:3,0
DA:4,0
DA:5,0
DA:7,0
DA:8,0
DA:9,0
DA:10,0
DA:12,0
DA:14,0
DA:15,0
DA:16,0
DA:18,0
DA:20,0
DA:22,0
DA:23,0
DA:28,0
DA:30,0
DA:31,0
DA:32,0
DA:33,0
DA:36,0
DA:37,0
DA:38,0
DA:41,0
DA:42,0
DA:43,0
DA:44,0
DA:47,0
DA:48,0
DA:49,0
DA:51,0
DA:55,0
DA:57,0
DA:68,0
DA:70,0
DA:77,0
DA:83,0
DA:85,0
DA:88,0
DA:91,0
DA:93,0
DA:94,0
DA:95,0
DA:97,0
DA:98,0
DA:99,0
DA:101,0
DA:102,0
DA:105,0
DA:106,0
DA:109,0
DA:110,0
DA:114,0
DA:115,0
DA:116,0
DA:117,0
DA:118,0
DA:119,0
DA:121,0
DA:122,0
DA:123,0
DA:125,0
DA:128,0
DA:129,0
DA:130,0
DA:132,0
DA:133,0
DA:136,0
DA:137,0
DA:138,0
DA:140,0
DA:141,0
DA:142,0
DA:143,0
DA:144,0
DA:145,0
DA:152,0
DA:153,0
DA:155,0
DA:156,0
DA:157,0
DA:158,0
DA:159,0
DA:161,0
DA:169,0
DA:174,0
DA:175,0
DA:176,0
DA:177,0
DA:179,0
DA:183,0
DA:185,0
DA:188,0
DA:190,0
DA:191,0
DA:195,0
DA:196,0
DA:197,0
DA:205,0
DA:207,0
DA:208,0
DA:210,0
DA:211,0
DA:213,0
DA:214,0
DA:218,0
DA:219,0
DA:221,0
DA:223,0
DA:224,0
DA:227,0
DA:229,0
DA:231,0
DA:233,0
DA:234,0
DA:235,0
DA:236,0
DA:237,0
DA:238,0
DA:240,0
DA:241,0
DA:242,0
DA:243,0
DA:244,0
DA:245,0
DA:246,0
DA:247,0
DA:252,0
DA:253,0
DA:254,0
DA:255,0
DA:258,0
DA:259,0
DA:260,0
DA:261,0
DA:262,0
DA:263,0
DA:264,0
DA:265,0
DA:266,0
DA:267,0
DA:268,0
DA:274,0
DA:277,0
DA:279,0
DA:280,0
DA:287,0
DA:288,0
DA:289,0
DA:290,0
DA:291,0
DA:292,0
DA:293,0
DA:294,0
DA:295,0
DA:300,0
DA:301,0
DA:302,0
DA:303,0
DA:305,0
DA:306,0
DA:307,0
DA:308,0
DA:309,0
DA:310,0
DA:311,0
DA:314,0
DA:317,0
DA:318,0
DA:320,0
DA:321,0
DA:322,0
DA:323,0
DA:324,0
DA:326,0
DA:327,0
DA:332,0
DA:334,0
DA:335,0
DA:336,0
DA:339,0
DA:340,0
DA:341,0
DA:347,0
DA:349,0
DA:351,0
DA:352,0
DA:353,0
DA:360,0
DA:361,0
DA:362,0
DA:367,0
DA:369,0
DA:370,0
DA:372,0
DA:373,0
DA:374,0
DA:375,0
DA:376,0
LF:201
LH:0
BRDA:31,3,0,0
BRDA:31,3,1,0
BRDA:48,4,0,0
BRDA:48,4,1,0
BRDA:97,5,0,0
BRDA:97,5,1,0
BRDA:101,6,0,0
BRDA:101,6,1,0
BRDA:117,7,0,0
BRDA:117,7,1,0
BRDA:142,8,0,0
BRDA:142,8,1,0
BRDA:159,9,0,0
BRDA:159,9,1,0
BRDA:159,10,0,0
BRDA:159,10,1,0
BRDA:176,11,0,0
BRDA:176,11,1,0
BRDA:177,12,0,0
BRDA:177,12,1,0
BRDA:177,13,0,0
BRDA:177,13,1,0
BRDA:185,14,0,0
BRDA:185,14,1,0
BRDA:185,15,0,0
BRDA:185,15,1,0
BRDA:185,15,2,0
BRDA:191,16,0,0
BRDA:191,16,1,0
BRDA:196,17,0,0
BRDA:196,17,1,0
BRDA:207,18,0,0
BRDA:207,18,1,0
BRDA:207,19,0,0
BRDA:207,19,1,0
BRDA:207,20,0,0
BRDA:207,20,1,0
BRDA:207,21,0,0
BRDA:207,21,1,0
BRDA:208,22,0,0
BRDA:208,22,1,0
BRDA:208,23,0,0
BRDA:208,23,1,0
BRDA:208,23,2,0
BRDA:208,23,3,0
BRDA:210,24,0,0
BRDA:210,24,1,0
BRDA:213,25,0,0
BRDA:213,25,1,0
BRDA:213,26,0,0
BRDA:213,26,1,0
BRDA:218,27,0,0
BRDA:218,27,1,0
BRDA:221,28,0,0
BRDA:221,28,1,0
BRDA:223,29,0,0
BRDA:223,29,1,0
BRDA:235,30,0,0
BRDA:235,30,1,0
BRDA:253,31,0,0
BRDA:253,31,1,0
BRDA:261,32,0,0
BRDA:261,32,1,0
BRDA:266,33,0,0
BRDA:266,33,1,0
BRDA:279,34,0,0
BRDA:279,34,1,0
BRDA:288,35,0,0
BRDA:288,35,1,0
BRDA:290,36,0,0
BRDA:290,36,1,0
BRDA:290,37,0,0
BRDA:290,37,1,0
BRDA:306,38,0,0
BRDA:306,38,1,0
BRDA:307,39,0,0
BRDA:307,39,1,0
BRDA:310,40,0,0
BRDA:310,40,1,0
BRDA:326,41,0,0
BRDA:326,41,1,0
BRDA:336,42,0,0
BRDA:336,42,1,0
BRDA:336,43,0,0
BRDA:336,43,1,0
BRF:85
BRH:0
end_of_record
TN:
SF:/Users/maxime_beauchemin/code/caravel/superset/assets/javascripts/explore/components/ChartContainer.jsx
FN:51,ChartContainer
FN:59,componentDidUpdate
FN:76,getMockedSliceObject
FN:78,getHeight
FN:89,html
FN:93,css
FN:97,show
FN:106,render_template
FN:114,setFilter
FN:121,addFilter
FN:123,removeFilter
FN:125,done
FN:126,clearError
FN:130,error
FN:132,d3format
FN:147,removeAlert
FN:151,runQuery
FN:155,updateChartTitle
FN:162,(anonymous_52)
FN:167,renderChartTitle
FN:177,renderViz
FN:189,renderAlert
FN:220,renderChart
FN:237,ref
FN:247,render
FN:327,mapStateToProps
FN:354,(anonymous_68)
FNF:27
FNH:0
FNDA:0,ChartContainer
FNDA:0,componentDidUpdate
FNDA:0,getMockedSliceObject
FNDA:0,getHeight
FNDA:0,html
FNDA:0,css
FNDA:0,show
FNDA:0,render_template
FNDA:0,setFilter
FNDA:0,addFilter
FNDA:0,removeFilter
FNDA:0,done
FNDA:0,clearError
FNDA:0,error
FNDA:0,d3format
FNDA:0,removeAlert
FNDA:0,runQuery
FNDA:0,updateChartTitle
FNDA:0,(anonymous_52)
FNDA:0,renderChartTitle
FNDA:0,renderViz
FNDA:0,renderAlert
FNDA:0,renderChart
FNDA:0,ref
FNDA:0,render
FNDA:0,mapStateToProps
FNDA:0,(anonymous_68)
DA:1,0
DA:2,0
DA:3,0
DA:4,0
DA:5,0
DA:6,0
DA:7,0
DA:8,0
DA:9,0
DA:10,0
DA:11,0
DA:12,0
DA:13,0
DA:14,0
DA:15,0
DA:16,0
DA:18,0
DA:24,0
DA:50,0
DA:51,0
DA:52,0
DA:53,0
DA:59,0
DA:61,0
DA:72,0
DA:76,0
DA:77,0
DA:78,0
DA:79,0
DA:80,0
DA:82,0
DA:89,0
DA:91,0
DA:93,0
DA:94,0
DA:97,0
DA:98,0
DA:99,0
DA:102,0
DA:106,0
DA:107,0
DA:111,0
DA:114,0
DA:121,0
DA:123,0
DA:125,0
DA:126,0
DA:130,0
DA:132,0
DA:134,0
DA:135,0
DA:147,0
DA:148,0
DA:151,0
DA:152,0
DA:155,0
DA:156,0
DA:160,0
DA:161,0
DA:163,0
DA:167,0
DA:168,0
DA:169,0
DA:170,0
DA:172,0
DA:174,0
DA:177,0
DA:178,0
DA:179,0
DA:180,0
DA:181,0
DA:182,0
DA:183,0
DA:185,0
DA:189,0
DA:191,0
DA:203,0
DA:206,0
DA:220,0
DA:221,0
DA:222,0
DA:224,0
DA:226,0
DA:237,0
DA:247,0
DA:248,0
DA:250,0
DA:251,0
DA:253,0
DA:255,0
DA:325,0
DA:327,0
DA:328,0
DA:329,0
DA:354,0
LF:95
LH:0
BRDA:52,16,0,0
BRDA:52,16,1,0
BRDA:61,17,0,0
BRDA:61,17,1,0
BRDA:61,18,0,0
BRDA:61,18,1,0
BRDA:61,18,2,0
BRDA:61,18,3,0
BRDA:61,18,4,0
BRDA:61,18,5,0
BRDA:61,18,6,0
BRDA:61,18,7,0
BRDA:61,18,8,0
BRDA:79,19,0,0
BRDA:79,19,1,0
BRDA:169,20,0,0
BRDA:169,20,1,0
BRDA:210,21,0,0
BRDA:210,21,1,0
BRDA:210,21,2,0
BRDA:221,22,0,0
BRDA:221,22,1,0
BRDA:228,23,0,0
BRDA:228,23,1,0
BRDA:240,24,0,0
BRDA:240,24,1,0
BRDA:248,25,0,0
BRDA:248,25,1,0
BRDA:269,26,0,0
BRDA:269,26,1,0
BRDA:292,27,0,0
BRDA:292,27,1,0
BRDA:292,27,2,0
BRDA:292,27,3,0
BRDA:334,28,0,0
BRDA:334,28,1,0
BRDA:335,29,0,0
BRDA:335,29,1,0
BRF:38
BRH:0
end_of_record
TN:
SF:/Users/maxime_beauchemin/code/caravel/superset/assets/javascripts/explore/components/ExploreViewContainer.jsx
FN:1,_inherits
FN:30,ExploreViewContainer
FN:39,componentDidMount
FN:44,componentWillReceiveProps
FN:54,componentDidUpdate
FN:58,componentWillUnmount
FN:62,onQuery
FN:75,onStop
FN:79,getWidth
FN:83,getHeight
FN:91,triggerQueryIfNeeded
FN:97,handleResize
FN:99,(anonymous_31)
FN:104,toggleModal
FN:107,hasErrors
FN:110,(anonymous_36)
FN:112,renderErrorMessage
FN:134,renderChartContainer
FN:143,render
FN:193,mapStateToProps
FN:208,mapDispatchToProps
FNF:21
FNH:0
FNDA:0,_inherits
FNDA:0,ExploreViewContainer
FNDA:0,componentDidMount
FNDA:0,componentWillReceiveProps
FNDA:0,componentDidUpdate
FNDA:0,componentWillUnmount
FNDA:0,onQuery
FNDA:0,onStop
FNDA:0,getWidth
FNDA:0,getHeight
FNDA:0,triggerQueryIfNeeded
FNDA:0,handleResize
FNDA:0,(anonymous_31)
FNDA:0,toggleModal
FNDA:0,hasErrors
FNDA:0,(anonymous_36)
FNDA:0,renderErrorMessage
FNDA:0,renderChartContainer
FNDA:0,render
FNDA:0,mapStateToProps
FNDA:0,mapDispatchToProps
DA:1,0
DA:2,0
DA:3,0
DA:4,0
DA:5,0
DA:6,0
DA:7,0
DA:8,0
DA:9,0
DA:10,0
DA:11,0
DA:12,0
DA:13,0
DA:14,0
DA:16,0
DA:29,0
DA:30,0
DA:31,0
DA:32,0
DA:39,0
DA:40,0
DA:41,0
DA:44,0
DA:45,0
DA:46,0
DA:47,0
DA:49,0
DA:50,0
DA:54,0
DA:55,0
DA:58,0
DA:59,0
DA:62,0
DA:64,0
DA:65,0
DA:67,0
DA:69,0
DA:75,0
DA:76,0
DA:79,0
DA:80,0
DA:83,0
DA:84,0
DA:85,0
DA:87,0
DA:88,0
DA:91,0
DA:92,0
DA:93,0
DA:97,0
DA:98,0
DA:99,0
DA:100,0
DA:104,0
DA:105,0
DA:107,0
DA:108,0
DA:109,0
DA:110,0
DA:112,0
DA:114,0
DA:115,0
DA:116,0
DA:117,0
DA:118,0
DA:126,0
DA:127,0
DA:129,0
DA:132,0
DA:134,0
DA:136,0
DA:143,0
DA:144,0
DA:145,0
DA:148,0
DA:191,0
DA:193,0
DA:194,0
DA:195,0
DA:208,0
DA:209,0
DA:210,0
DA:215,0
DA:216,0
LF:84
LH:0
BRDA:1,15,0,0
BRDA:1,15,1,0
BRDA:1,16,0,0
BRDA:1,16,1,0
BRDA:1,17,0,0
BRDA:1,17,1,0
BRDA:1,18,0,0
BRDA:1,18,1,0
BRDA:1,19,0,0
BRDA:1,19,1,0
BRDA:31,20,0,0
BRDA:31,20,1,0
BRDA:45,21,0,0
BRDA:45,21,1,0
BRDA:49,22,0,0
BRDA:49,22,1,0
BRDA:84,23,0,0
BRDA:84,23,1,0
BRDA:87,24,0,0
BRDA:87,24,1,0
BRDA:92,25,0,0
BRDA:92,25,1,0
BRDA:92,26,0,0
BRDA:92,26,1,0
BRDA:110,27,0,0
BRDA:110,27,1,0
BRDA:117,28,0,0
BRDA:117,28,1,0
BRDA:117,29,0,0
BRDA:117,29,1,0
BRDA:127,30,0,0
BRDA:127,30,1,0
BRDA:144,31,0,0
BRDA:144,31,1,0
BRDA:156,32,0,0
BRDA:156,32,1,0
BRF:36
BRH:0
end_of_record
TN:
SF:/Users/maxime_beauchemin/code/caravel/superset/assets/javascripts/explore/index.jsx
FNF:0
FNH:0
DA:2,0
DA:3,0
DA:4,0
DA:5,0
DA:6,0
DA:8,0
DA:9,0
DA:10,0
DA:11,0
DA:12,0
DA:13,0
DA:14,0
DA:16,0
DA:17,0
DA:18,0
DA:20,0
DA:21,0
DA:23,0
DA:24,0
DA:25,0
DA:26,0
DA:30,0
DA:41,0
DA:56,0
DA:59,0
LF:25
LH:0
BRF:0
BRH:0
end_of_record
TN:
SF:/Users/maxime_beauchemin/code/caravel/superset/assets/javascripts/profile/index.jsx
FNF:0
FNH:0
DA:2,0
DA:3,0
DA:4,0
DA:5,0
DA:6,0
DA:8,0
DA:10,0
DA:12,0
DA:13,0
DA:15,0
DA:16,0
LF:11
LH:0
BRF:0
BRH:0
end_of_record
TN:
SF:/Users/maxime_beauchemin/code/caravel/superset/assets/javascripts/SqlLab/index.jsx
FNF:0
FNH:0
DA:1,0
DA:2,0
DA:3,0
DA:4,0
DA:5,0
DA:7,0
DA:8,0
DA:9,0
DA:10,0
DA:11,0
DA:13,0
DA:14,0
DA:15,0
DA:17,0
DA:18,0
DA:20,0
DA:21,0
DA:22,0
DA:24,0
DA:28,0
DA:30,0
LF:21
LH:0
BRF:0
BRH:0
end_of_record
